{"C:\\Users\\Cefalo-User\\Documents\\Github\\blogger-mint\\DTO\\user.dto.js": {"path":"C:\\Users\\Cefalo-User\\Documents\\Github\\blogger-mint\\DTO\\user.dto.js","statementMap":{"0":{"start":{"line":3,"column":32},"end":{"line":9,"column":5}},"1":{"start":{"line":10,"column":4},"end":{"line":10,"column":36}},"2":{"start":{"line":14,"column":0},"end":{"line":14,"column":31}}},"fnMap":{"0":{"name":"(anonymous_0)","decl":{"start":{"line":2,"column":2},"end":{"line":2,"column":3}},"loc":{"start":{"line":2,"column":20},"end":{"line":11,"column":3}},"line":2}},"branchMap":{},"s":{"0":2,"1":2,"2":6},"f":{"0":2},"b":{},"_coverageSchema":"1a1c01bbd47fc00a2c39e90264f33305004495a9","hash":"9f837d91583232453001c6a624ed2fbb173310fa"}
,"C:\\Users\\Cefalo-User\\Documents\\Github\\blogger-mint\\configs\\sequelize.config.js": {"path":"C:\\Users\\Cefalo-User\\Documents\\Github\\blogger-mint\\configs\\sequelize.config.js","statementMap":{"0":{"start":{"line":1,"column":18},"end":{"line":1,"column":38}},"1":{"start":{"line":2,"column":18},"end":{"line":6,"column":2}},"2":{"start":{"line":8,"column":0},"end":{"line":16,"column":5}},"3":{"start":{"line":9,"column":2},"end":{"line":15,"column":3}},"4":{"start":{"line":10,"column":4},"end":{"line":10,"column":35}},"5":{"start":{"line":12,"column":4},"end":{"line":12,"column":65}},"6":{"start":{"line":14,"column":4},"end":{"line":14,"column":71}},"7":{"start":{"line":18,"column":0},"end":{"line":18,"column":27}}},"fnMap":{"0":{"name":"(anonymous_0)","decl":{"start":{"line":8,"column":1},"end":{"line":8,"column":2}},"loc":{"start":{"line":8,"column":13},"end":{"line":16,"column":1}},"line":8}},"branchMap":{},"s":{"0":8,"1":8,"2":8,"3":8,"4":8,"5":2,"6":0,"7":8},"f":{"0":8},"b":{},"_coverageSchema":"1a1c01bbd47fc00a2c39e90264f33305004495a9","hash":"27b26f86ba40a258a09b80f22fa8a90de91b5d66"}
,"C:\\Users\\Cefalo-User\\Documents\\Github\\blogger-mint\\controllers\\auth.controller.js": {"path":"C:\\Users\\Cefalo-User\\Documents\\Github\\blogger-mint\\controllers\\auth.controller.js","statementMap":{"0":{"start":{"line":1,"column":20},"end":{"line":1,"column":55}},"1":{"start":{"line":2,"column":27},"end":{"line":2,"column":67}},"2":{"start":{"line":3,"column":21},"end":{"line":3,"column":59}},"3":{"start":{"line":4,"column":41},"end":{"line":4,"column":85}},"4":{"start":{"line":7,"column":21},"end":{"line":26,"column":1}},"5":{"start":{"line":9,"column":2},"end":{"line":25,"column":3}},"6":{"start":{"line":10,"column":30},"end":{"line":10,"column":81}},"7":{"start":{"line":11,"column":4},"end":{"line":13,"column":5}},"8":{"start":{"line":12,"column":6},"end":{"line":12,"column":57}},"9":{"start":{"line":15,"column":34},"end":{"line":15,"column":74}},"10":{"start":{"line":17,"column":6},"end":{"line":17,"column":72}},"11":{"start":{"line":19,"column":29},"end":{"line":19,"column":101}},"12":{"start":{"line":21,"column":5},"end":{"line":21,"column":73}},"13":{"start":{"line":24,"column":4},"end":{"line":24,"column":14}},"14":{"start":{"line":28,"column":18},"end":{"line":48,"column":1}},"15":{"start":{"line":30,"column":2},"end":{"line":47,"column":3}},"16":{"start":{"line":31,"column":16},"end":{"line":31,"column":24}},"17":{"start":{"line":32,"column":23},"end":{"line":32,"column":63}},"18":{"start":{"line":33,"column":4},"end":{"line":35,"column":5}},"19":{"start":{"line":34,"column":6},"end":{"line":34,"column":49}},"20":{"start":{"line":37,"column":30},"end":{"line":37,"column":67}},"21":{"start":{"line":39,"column":6},"end":{"line":39,"column":63}},"22":{"start":{"line":41,"column":29},"end":{"line":41,"column":61}},"23":{"start":{"line":43,"column":6},"end":{"line":43,"column":74}},"24":{"start":{"line":46,"column":4},"end":{"line":46,"column":14}},"25":{"start":{"line":50,"column":0},"end":{"line":53,"column":2}}},"fnMap":{"0":{"name":"(anonymous_0)","decl":{"start":{"line":7,"column":21},"end":{"line":7,"column":22}},"loc":{"start":{"line":7,"column":47},"end":{"line":26,"column":1}},"line":7},"1":{"name":"(anonymous_1)","decl":{"start":{"line":28,"column":18},"end":{"line":28,"column":19}},"loc":{"start":{"line":28,"column":44},"end":{"line":48,"column":1}},"line":28}},"branchMap":{"0":{"loc":{"start":{"line":11,"column":4},"end":{"line":13,"column":5}},"type":"if","locations":[{"start":{"line":11,"column":4},"end":{"line":13,"column":5}},{"start":{},"end":{}}],"line":11},"1":{"loc":{"start":{"line":33,"column":4},"end":{"line":35,"column":5}},"type":"if","locations":[{"start":{"line":33,"column":4},"end":{"line":35,"column":5}},{"start":{},"end":{}}],"line":33}},"s":{"0":1,"1":1,"2":1,"3":1,"4":1,"5":1,"6":1,"7":1,"8":1,"9":0,"10":0,"11":0,"12":0,"13":1,"14":1,"15":1,"16":1,"17":1,"18":0,"19":0,"20":0,"21":0,"22":0,"23":0,"24":1,"25":1},"f":{"0":1,"1":1},"b":{"0":[1,0],"1":[0,0]},"_coverageSchema":"1a1c01bbd47fc00a2c39e90264f33305004495a9","hash":"cfc8d92496e920a4b134e76bedb0bfcf4d47bb50"}
,"C:\\Users\\Cefalo-User\\Documents\\Github\\blogger-mint\\controllers\\blog.controller.js": {"path":"C:\\Users\\Cefalo-User\\Documents\\Github\\blogger-mint\\controllers\\blog.controller.js","statementMap":{"0":{"start":{"line":1,"column":20},"end":{"line":1,"column":55}},"1":{"start":{"line":2,"column":41},"end":{"line":2,"column":85}},"2":{"start":{"line":3,"column":27},"end":{"line":3,"column":67}},"3":{"start":{"line":4,"column":21},"end":{"line":4,"column":59}},"4":{"start":{"line":6,"column":20},"end":{"line":14,"column":1}},"5":{"start":{"line":7,"column":2},"end":{"line":13,"column":3}},"6":{"start":{"line":8,"column":18},"end":{"line":8,"column":27}},"7":{"start":{"line":9,"column":32},"end":{"line":9,"column":68}},"8":{"start":{"line":10,"column":4},"end":{"line":10,"column":77}},"9":{"start":{"line":12,"column":4},"end":{"line":12,"column":14}},"10":{"start":{"line":16,"column":20},"end":{"line":28,"column":1}},"11":{"start":{"line":17,"column":2},"end":{"line":27,"column":3}},"12":{"start":{"line":18,"column":19},"end":{"line":18,"column":32}},"13":{"start":{"line":19,"column":25},"end":{"line":21,"column":5}},"14":{"start":{"line":22,"column":4},"end":{"line":22,"column":70}},"15":{"start":{"line":25,"column":4},"end":{"line":25,"column":14}},"16":{"start":{"line":30,"column":26},"end":{"line":39,"column":1}},"17":{"start":{"line":31,"column":2},"end":{"line":38,"column":3}},"18":{"start":{"line":32,"column":19},"end":{"line":32,"column":32}},"19":{"start":{"line":34,"column":26},"end":{"line":34,"column":69}},"20":{"start":{"line":35,"column":4},"end":{"line":35,"column":70}},"21":{"start":{"line":37,"column":4},"end":{"line":37,"column":14}},"22":{"start":{"line":42,"column":19},"end":{"line":60,"column":1}},"23":{"start":{"line":43,"column":2},"end":{"line":59,"column":2}},"24":{"start":{"line":44,"column":16},"end":{"line":44,"column":24}},"25":{"start":{"line":45,"column":25},"end":{"line":45,"column":68}},"26":{"start":{"line":47,"column":3},"end":{"line":49,"column":4}},"27":{"start":{"line":48,"column":5},"end":{"line":48,"column":52}},"28":{"start":{"line":51,"column":3},"end":{"line":51,"column":32}},"29":{"start":{"line":52,"column":27},"end":{"line":52,"column":61}},"30":{"start":{"line":54,"column":26},"end":{"line":54,"column":88}},"31":{"start":{"line":55,"column":3},"end":{"line":55,"column":71}},"32":{"start":{"line":58,"column":3},"end":{"line":58,"column":13}},"33":{"start":{"line":62,"column":23},"end":{"line":83,"column":1}},"34":{"start":{"line":64,"column":2},"end":{"line":82,"column":3}},"35":{"start":{"line":65,"column":17},"end":{"line":65,"column":25}},"36":{"start":{"line":66,"column":19},"end":{"line":66,"column":32}},"37":{"start":{"line":68,"column":37},"end":{"line":68,"column":91}},"38":{"start":{"line":70,"column":4},"end":{"line":72,"column":5}},"39":{"start":{"line":71,"column":6},"end":{"line":71,"column":63}},"40":{"start":{"line":75,"column":6},"end":{"line":75,"column":52}},"41":{"start":{"line":77,"column":29},"end":{"line":77,"column":72}},"42":{"start":{"line":78,"column":6},"end":{"line":78,"column":74}},"43":{"start":{"line":81,"column":4},"end":{"line":81,"column":14}},"44":{"start":{"line":85,"column":23},"end":{"line":98,"column":1}},"45":{"start":{"line":86,"column":2},"end":{"line":97,"column":3}},"46":{"start":{"line":87,"column":19},"end":{"line":87,"column":32}},"47":{"start":{"line":88,"column":32},"end":{"line":90,"column":5}},"48":{"start":{"line":92,"column":27},"end":{"line":92,"column":70}},"49":{"start":{"line":93,"column":4},"end":{"line":93,"column":72}},"50":{"start":{"line":96,"column":4},"end":{"line":96,"column":14}},"51":{"start":{"line":102,"column":0},"end":{"line":110,"column":2}}},"fnMap":{"0":{"name":"(anonymous_0)","decl":{"start":{"line":6,"column":20},"end":{"line":6,"column":21}},"loc":{"start":{"line":6,"column":46},"end":{"line":14,"column":1}},"line":6},"1":{"name":"(anonymous_1)","decl":{"start":{"line":16,"column":20},"end":{"line":16,"column":21}},"loc":{"start":{"line":16,"column":46},"end":{"line":28,"column":1}},"line":16},"2":{"name":"(anonymous_2)","decl":{"start":{"line":30,"column":26},"end":{"line":30,"column":27}},"loc":{"start":{"line":30,"column":52},"end":{"line":39,"column":1}},"line":30},"3":{"name":"(anonymous_3)","decl":{"start":{"line":42,"column":19},"end":{"line":42,"column":20}},"loc":{"start":{"line":42,"column":45},"end":{"line":60,"column":1}},"line":42},"4":{"name":"(anonymous_4)","decl":{"start":{"line":62,"column":23},"end":{"line":62,"column":24}},"loc":{"start":{"line":62,"column":49},"end":{"line":83,"column":1}},"line":62},"5":{"name":"(anonymous_5)","decl":{"start":{"line":85,"column":23},"end":{"line":85,"column":24}},"loc":{"start":{"line":85,"column":49},"end":{"line":98,"column":1}},"line":85}},"branchMap":{"0":{"loc":{"start":{"line":47,"column":3},"end":{"line":49,"column":4}},"type":"if","locations":[{"start":{"line":47,"column":3},"end":{"line":49,"column":4}},{"start":{},"end":{}}],"line":47},"1":{"loc":{"start":{"line":70,"column":4},"end":{"line":72,"column":5}},"type":"if","locations":[{"start":{"line":70,"column":4},"end":{"line":72,"column":5}},{"start":{},"end":{}}],"line":70}},"s":{"0":1,"1":1,"2":1,"3":1,"4":1,"5":0,"6":0,"7":0,"8":0,"9":0,"10":1,"11":1,"12":1,"13":1,"14":0,"15":1,"16":1,"17":1,"18":1,"19":1,"20":0,"21":1,"22":1,"23":1,"24":1,"25":1,"26":1,"27":1,"28":0,"29":0,"30":0,"31":0,"32":1,"33":1,"34":1,"35":1,"36":1,"37":1,"38":1,"39":1,"40":0,"41":0,"42":0,"43":1,"44":1,"45":0,"46":0,"47":0,"48":0,"49":0,"50":0,"51":1},"f":{"0":0,"1":1,"2":1,"3":1,"4":1,"5":0},"b":{"0":[1,0],"1":[1,0]},"_coverageSchema":"1a1c01bbd47fc00a2c39e90264f33305004495a9","hash":"64372eb28baab8744038175255ea10dced90db08"}
,"C:\\Users\\Cefalo-User\\Documents\\Github\\blogger-mint\\controllers\\user.controller.js": {"path":"C:\\Users\\Cefalo-User\\Documents\\Github\\blogger-mint\\controllers\\user.controller.js","statementMap":{"0":{"start":{"line":1,"column":20},"end":{"line":1,"column":55}},"1":{"start":{"line":2,"column":41},"end":{"line":2,"column":85}},"2":{"start":{"line":3,"column":27},"end":{"line":3,"column":67}},"3":{"start":{"line":4,"column":21},"end":{"line":4,"column":59}},"4":{"start":{"line":7,"column":20},"end":{"line":15,"column":1}},"5":{"start":{"line":8,"column":2},"end":{"line":14,"column":3}},"6":{"start":{"line":9,"column":18},"end":{"line":9,"column":27}},"7":{"start":{"line":10,"column":26},"end":{"line":10,"column":62}},"8":{"start":{"line":11,"column":4},"end":{"line":11,"column":71}},"9":{"start":{"line":13,"column":4},"end":{"line":13,"column":14}},"10":{"start":{"line":17,"column":26},"end":{"line":28,"column":1}},"11":{"start":{"line":18,"column":2},"end":{"line":27,"column":3}},"12":{"start":{"line":19,"column":21},"end":{"line":19,"column":40}},"13":{"start":{"line":20,"column":25},"end":{"line":22,"column":5}},"14":{"start":{"line":24,"column":4},"end":{"line":24,"column":70}},"15":{"start":{"line":26,"column":4},"end":{"line":26,"column":14}},"16":{"start":{"line":30,"column":37},"end":{"line":50,"column":1}},"17":{"start":{"line":31,"column":2},"end":{"line":49,"column":3}},"18":{"start":{"line":32,"column":17},"end":{"line":32,"column":25}},"19":{"start":{"line":33,"column":21},"end":{"line":33,"column":40}},"20":{"start":{"line":34,"column":29},"end":{"line":34,"column":76}},"21":{"start":{"line":35,"column":4},"end":{"line":37,"column":5}},"22":{"start":{"line":36,"column":6},"end":{"line":36,"column":55}},"23":{"start":{"line":40,"column":6},"end":{"line":43,"column":7}},"24":{"start":{"line":45,"column":29},"end":{"line":45,"column":74}},"25":{"start":{"line":46,"column":6},"end":{"line":46,"column":74}},"26":{"start":{"line":48,"column":4},"end":{"line":48,"column":14}},"27":{"start":{"line":52,"column":29},"end":{"line":65,"column":1}},"28":{"start":{"line":53,"column":2},"end":{"line":64,"column":3}},"29":{"start":{"line":54,"column":21},"end":{"line":54,"column":40}},"30":{"start":{"line":55,"column":32},"end":{"line":57,"column":5}},"31":{"start":{"line":58,"column":4},"end":{"line":58,"column":27}},"32":{"start":{"line":60,"column":27},"end":{"line":60,"column":68}},"33":{"start":{"line":61,"column":4},"end":{"line":61,"column":72}},"34":{"start":{"line":63,"column":4},"end":{"line":63,"column":14}},"35":{"start":{"line":67,"column":0},"end":{"line":72,"column":2}}},"fnMap":{"0":{"name":"(anonymous_0)","decl":{"start":{"line":7,"column":20},"end":{"line":7,"column":21}},"loc":{"start":{"line":7,"column":46},"end":{"line":15,"column":1}},"line":7},"1":{"name":"(anonymous_1)","decl":{"start":{"line":17,"column":26},"end":{"line":17,"column":27}},"loc":{"start":{"line":17,"column":52},"end":{"line":28,"column":1}},"line":17},"2":{"name":"(anonymous_2)","decl":{"start":{"line":30,"column":37},"end":{"line":30,"column":38}},"loc":{"start":{"line":30,"column":63},"end":{"line":50,"column":1}},"line":30},"3":{"name":"(anonymous_3)","decl":{"start":{"line":52,"column":29},"end":{"line":52,"column":30}},"loc":{"start":{"line":52,"column":55},"end":{"line":65,"column":1}},"line":52}},"branchMap":{"0":{"loc":{"start":{"line":35,"column":4},"end":{"line":37,"column":5}},"type":"if","locations":[{"start":{"line":35,"column":4},"end":{"line":37,"column":5}},{"start":{},"end":{}}],"line":35}},"s":{"0":1,"1":1,"2":1,"3":1,"4":1,"5":0,"6":0,"7":0,"8":0,"9":0,"10":1,"11":2,"12":2,"13":2,"14":0,"15":2,"16":1,"17":1,"18":1,"19":1,"20":1,"21":1,"22":1,"23":0,"24":0,"25":0,"26":1,"27":1,"28":0,"29":0,"30":0,"31":0,"32":0,"33":0,"34":0,"35":1},"f":{"0":0,"1":2,"2":1,"3":0},"b":{"0":[1,0]},"_coverageSchema":"1a1c01bbd47fc00a2c39e90264f33305004495a9","hash":"f4462b183c04ca89b62080232a26a38ce729aff2"}
,"C:\\Users\\Cefalo-User\\Documents\\Github\\blogger-mint\\models\\blog.model.js": {"path":"C:\\Users\\Cefalo-User\\Documents\\Github\\blogger-mint\\models\\blog.model.js","statementMap":{"0":{"start":{"line":1,"column":22},"end":{"line":1,"column":42}},"1":{"start":{"line":2,"column":13},"end":{"line":2,"column":28}},"2":{"start":{"line":3,"column":18},"end":{"line":3,"column":56}},"3":{"start":{"line":4,"column":13},"end":{"line":30,"column":2}},"4":{"start":{"line":7,"column":28},"end":{"line":7,"column":37}},"5":{"start":{"line":33,"column":0},"end":{"line":35,"column":5}},"6":{"start":{"line":34,"column":4},"end":{"line":34,"column":38}},"7":{"start":{"line":37,"column":0},"end":{"line":37,"column":22}}},"fnMap":{"0":{"name":"(anonymous_0)","decl":{"start":{"line":7,"column":22},"end":{"line":7,"column":23}},"loc":{"start":{"line":7,"column":28},"end":{"line":7,"column":37}},"line":7},"1":{"name":"(anonymous_1)","decl":{"start":{"line":33,"column":1},"end":{"line":33,"column":2}},"loc":{"start":{"line":33,"column":13},"end":{"line":35,"column":1}},"line":33}},"branchMap":{},"s":{"0":8,"1":8,"2":8,"3":8,"4":0,"5":8,"6":8,"7":8},"f":{"0":0,"1":8},"b":{},"_coverageSchema":"1a1c01bbd47fc00a2c39e90264f33305004495a9","hash":"4607caef182ebf4129ae0e04cf445de203ceb5d6"}
,"C:\\Users\\Cefalo-User\\Documents\\Github\\blogger-mint\\models\\index.js": {"path":"C:\\Users\\Cefalo-User\\Documents\\Github\\blogger-mint\\models\\index.js","statementMap":{"0":{"start":{"line":1,"column":18},"end":{"line":1,"column":56}},"1":{"start":{"line":2,"column":13},"end":{"line":2,"column":36}},"2":{"start":{"line":3,"column":13},"end":{"line":3,"column":36}},"3":{"start":{"line":6,"column":0},"end":{"line":6,"column":49}},"4":{"start":{"line":8,"column":0},"end":{"line":12,"column":3}},"5":{"start":{"line":15,"column":0},"end":{"line":17,"column":7}},"6":{"start":{"line":16,"column":4},"end":{"line":16,"column":43}},"7":{"start":{"line":19,"column":0},"end":{"line":21,"column":1}}},"fnMap":{"0":{"name":"(anonymous_0)","decl":{"start":{"line":15,"column":1},"end":{"line":15,"column":2}},"loc":{"start":{"line":15,"column":13},"end":{"line":17,"column":3}},"line":15}},"branchMap":{},"s":{"0":8,"1":8,"2":8,"3":8,"4":8,"5":8,"6":8,"7":8},"f":{"0":8},"b":{},"_coverageSchema":"1a1c01bbd47fc00a2c39e90264f33305004495a9","hash":"9a0d8d61d947c9bf634664d167365cb05d875c71"}
,"C:\\Users\\Cefalo-User\\Documents\\Github\\blogger-mint\\models\\user.model.js": {"path":"C:\\Users\\Cefalo-User\\Documents\\Github\\blogger-mint\\models\\user.model.js","statementMap":{"0":{"start":{"line":1,"column":22},"end":{"line":1,"column":42}},"1":{"start":{"line":2,"column":13},"end":{"line":2,"column":28}},"2":{"start":{"line":3,"column":18},"end":{"line":3,"column":56}},"3":{"start":{"line":5,"column":13},"end":{"line":39,"column":2}},"4":{"start":{"line":8,"column":28},"end":{"line":8,"column":37}},"5":{"start":{"line":41,"column":0},"end":{"line":43,"column":5}},"6":{"start":{"line":42,"column":4},"end":{"line":42,"column":38}},"7":{"start":{"line":45,"column":0},"end":{"line":45,"column":22}}},"fnMap":{"0":{"name":"(anonymous_0)","decl":{"start":{"line":8,"column":22},"end":{"line":8,"column":23}},"loc":{"start":{"line":8,"column":28},"end":{"line":8,"column":37}},"line":8},"1":{"name":"(anonymous_1)","decl":{"start":{"line":41,"column":1},"end":{"line":41,"column":2}},"loc":{"start":{"line":41,"column":13},"end":{"line":43,"column":1}},"line":41}},"branchMap":{},"s":{"0":8,"1":8,"2":8,"3":8,"4":0,"5":8,"6":8,"7":8},"f":{"0":0,"1":8},"b":{},"_coverageSchema":"1a1c01bbd47fc00a2c39e90264f33305004495a9","hash":"87465f2cd2a2c88e7fe48a08709f4e01d2e1550e"}
,"C:\\Users\\Cefalo-User\\Documents\\Github\\blogger-mint\\repositories\\blog.repository.js": {"path":"C:\\Users\\Cefalo-User\\Documents\\Github\\blogger-mint\\repositories\\blog.repository.js","statementMap":{"0":{"start":{"line":1,"column":20},"end":{"line":1,"column":40}},"1":{"start":{"line":3,"column":37},"end":{"line":3,"column":75}},"2":{"start":{"line":5,"column":20},"end":{"line":17,"column":1}},"3":{"start":{"line":6,"column":16},"end":{"line":14,"column":4}},"4":{"start":{"line":15,"column":2},"end":{"line":15,"column":15}},"5":{"start":{"line":19,"column":19},"end":{"line":41,"column":1}},"6":{"start":{"line":27,"column":2},"end":{"line":40,"column":3}},"7":{"start":{"line":28,"column":17},"end":{"line":35,"column":6}},"8":{"start":{"line":37,"column":4},"end":{"line":37,"column":16}},"9":{"start":{"line":39,"column":4},"end":{"line":39,"column":51}},"10":{"start":{"line":43,"column":20},"end":{"line":52,"column":1}},"11":{"start":{"line":44,"column":15},"end":{"line":48,"column":4}},"12":{"start":{"line":50,"column":2},"end":{"line":50,"column":14}},"13":{"start":{"line":54,"column":26},"end":{"line":64,"column":1}},"14":{"start":{"line":55,"column":15},"end":{"line":60,"column":4}},"15":{"start":{"line":62,"column":2},"end":{"line":62,"column":14}},"16":{"start":{"line":66,"column":23},"end":{"line":78,"column":1}},"17":{"start":{"line":67,"column":15},"end":{"line":74,"column":3}},"18":{"start":{"line":76,"column":2},"end":{"line":76,"column":14}},"19":{"start":{"line":80,"column":23},"end":{"line":89,"column":1}},"20":{"start":{"line":81,"column":17},"end":{"line":85,"column":4}},"21":{"start":{"line":87,"column":2},"end":{"line":87,"column":16}},"22":{"start":{"line":91,"column":0},"end":{"line":98,"column":2}}},"fnMap":{"0":{"name":"(anonymous_0)","decl":{"start":{"line":5,"column":20},"end":{"line":5,"column":21}},"loc":{"start":{"line":5,"column":45},"end":{"line":17,"column":1}},"line":5},"1":{"name":"(anonymous_1)","decl":{"start":{"line":19,"column":19},"end":{"line":19,"column":20}},"loc":{"start":{"line":26,"column":5},"end":{"line":41,"column":1}},"line":26},"2":{"name":"(anonymous_2)","decl":{"start":{"line":43,"column":20},"end":{"line":43,"column":21}},"loc":{"start":{"line":43,"column":38},"end":{"line":52,"column":1}},"line":43},"3":{"name":"(anonymous_3)","decl":{"start":{"line":54,"column":26},"end":{"line":54,"column":27}},"loc":{"start":{"line":54,"column":46},"end":{"line":64,"column":1}},"line":54},"4":{"name":"(anonymous_4)","decl":{"start":{"line":66,"column":23},"end":{"line":66,"column":24}},"loc":{"start":{"line":66,"column":72},"end":{"line":78,"column":1}},"line":66},"5":{"name":"(anonymous_5)","decl":{"start":{"line":80,"column":23},"end":{"line":80,"column":24}},"loc":{"start":{"line":80,"column":41},"end":{"line":89,"column":1}},"line":80}},"branchMap":{},"s":{"0":3,"1":3,"2":3,"3":1,"4":1,"5":3,"6":1,"7":1,"8":1,"9":0,"10":3,"11":2,"12":1,"13":3,"14":2,"15":1,"16":3,"17":1,"18":1,"19":3,"20":1,"21":1,"22":3},"f":{"0":1,"1":1,"2":2,"3":2,"4":1,"5":1},"b":{},"_coverageSchema":"1a1c01bbd47fc00a2c39e90264f33305004495a9","hash":"64709fada49efade1c95a5cfb52d25c674ba0cf9"}
,"C:\\Users\\Cefalo-User\\Documents\\Github\\blogger-mint\\repositories\\user.repository.js": {"path":"C:\\Users\\Cefalo-User\\Documents\\Github\\blogger-mint\\repositories\\user.repository.js","statementMap":{"0":{"start":{"line":1,"column":15},"end":{"line":1,"column":35}},"1":{"start":{"line":2,"column":37},"end":{"line":2,"column":75}},"2":{"start":{"line":5,"column":20},"end":{"line":17,"column":1}},"3":{"start":{"line":8,"column":16},"end":{"line":14,"column":3}},"4":{"start":{"line":15,"column":2},"end":{"line":15,"column":15}},"5":{"start":{"line":19,"column":19},"end":{"line":33,"column":1}},"6":{"start":{"line":20,"column":2},"end":{"line":32,"column":3}},"7":{"start":{"line":21,"column":17},"end":{"line":28,"column":6}},"8":{"start":{"line":29,"column":4},"end":{"line":29,"column":16}},"9":{"start":{"line":31,"column":4},"end":{"line":31,"column":51}},"10":{"start":{"line":35,"column":26},"end":{"line":43,"column":1}},"11":{"start":{"line":36,"column":15},"end":{"line":40,"column":4}},"12":{"start":{"line":41,"column":2},"end":{"line":41,"column":14}},"13":{"start":{"line":45,"column":37},"end":{"line":55,"column":1}},"14":{"start":{"line":49,"column":15},"end":{"line":52,"column":3}},"15":{"start":{"line":53,"column":2},"end":{"line":53,"column":14}},"16":{"start":{"line":57,"column":29},"end":{"line":65,"column":1}},"17":{"start":{"line":58,"column":17},"end":{"line":62,"column":4}},"18":{"start":{"line":63,"column":2},"end":{"line":63,"column":16}},"19":{"start":{"line":67,"column":0},"end":{"line":73,"column":2}}},"fnMap":{"0":{"name":"(anonymous_0)","decl":{"start":{"line":5,"column":20},"end":{"line":5,"column":21}},"loc":{"start":{"line":5,"column":45},"end":{"line":17,"column":1}},"line":5},"1":{"name":"(anonymous_1)","decl":{"start":{"line":19,"column":19},"end":{"line":19,"column":20}},"loc":{"start":{"line":19,"column":82},"end":{"line":33,"column":1}},"line":19},"2":{"name":"(anonymous_2)","decl":{"start":{"line":35,"column":26},"end":{"line":35,"column":27}},"loc":{"start":{"line":35,"column":46},"end":{"line":43,"column":1}},"line":35},"3":{"name":"(anonymous_3)","decl":{"start":{"line":45,"column":37},"end":{"line":45,"column":38}},"loc":{"start":{"line":47,"column":15},"end":{"line":55,"column":1}},"line":47},"4":{"name":"(anonymous_4)","decl":{"start":{"line":57,"column":29},"end":{"line":57,"column":30}},"loc":{"start":{"line":57,"column":49},"end":{"line":65,"column":1}},"line":57}},"branchMap":{},"s":{"0":7,"1":7,"2":7,"3":1,"4":1,"5":7,"6":1,"7":1,"8":1,"9":0,"10":7,"11":4,"12":3,"13":7,"14":1,"15":1,"16":7,"17":1,"18":1,"19":7},"f":{"0":1,"1":1,"2":4,"3":1,"4":1},"b":{},"_coverageSchema":"1a1c01bbd47fc00a2c39e90264f33305004495a9","hash":"968e42c3cf7143db45bc8b0c818fa80bec3956db"}
,"C:\\Users\\Cefalo-User\\Documents\\Github\\blogger-mint\\services\\auth.service.js": {"path":"C:\\Users\\Cefalo-User\\Documents\\Github\\blogger-mint\\services\\auth.service.js","statementMap":{"0":{"start":{"line":1,"column":17},"end":{"line":1,"column":46}},"1":{"start":{"line":2,"column":20},"end":{"line":2,"column":55}},"2":{"start":{"line":3,"column":21},"end":{"line":3,"column":59}},"3":{"start":{"line":6,"column":21},"end":{"line":14,"column":5}},"4":{"start":{"line":8,"column":28},"end":{"line":8,"column":62}},"5":{"start":{"line":10,"column":20},"end":{"line":12,"column":7}},"6":{"start":{"line":13,"column":6},"end":{"line":13,"column":53}},"7":{"start":{"line":17,"column":18},"end":{"line":33,"column":1}},"8":{"start":{"line":18,"column":25},"end":{"line":18,"column":65}},"9":{"start":{"line":20,"column":21},"end":{"line":20,"column":34}},"10":{"start":{"line":21,"column":17},"end":{"line":21,"column":29}},"11":{"start":{"line":22,"column":28},"end":{"line":25,"column":5}},"12":{"start":{"line":27,"column":4},"end":{"line":30,"column":5}},"13":{"start":{"line":28,"column":20},"end":{"line":28,"column":74}},"14":{"start":{"line":29,"column":6},"end":{"line":29,"column":20}},"15":{"start":{"line":31,"column":4},"end":{"line":31,"column":53}},"16":{"start":{"line":35,"column":0},"end":{"line":38,"column":2}}},"fnMap":{"0":{"name":"(anonymous_0)","decl":{"start":{"line":6,"column":21},"end":{"line":6,"column":22}},"loc":{"start":{"line":6,"column":37},"end":{"line":14,"column":5}},"line":6},"1":{"name":"(anonymous_1)","decl":{"start":{"line":17,"column":18},"end":{"line":17,"column":19}},"loc":{"start":{"line":17,"column":34},"end":{"line":33,"column":1}},"line":17}},"branchMap":{"0":{"loc":{"start":{"line":27,"column":4},"end":{"line":30,"column":5}},"type":"if","locations":[{"start":{"line":27,"column":4},"end":{"line":30,"column":5}},{"start":{},"end":{}}],"line":27}},"s":{"0":2,"1":2,"2":2,"3":2,"4":2,"5":1,"6":0,"7":2,"8":3,"9":1,"10":1,"11":1,"12":0,"13":0,"14":0,"15":0,"16":2},"f":{"0":2,"1":3},"b":{"0":[0,0]},"_coverageSchema":"1a1c01bbd47fc00a2c39e90264f33305004495a9","hash":"1780704129b13ab03373877812eb10804490d51d"}
,"C:\\Users\\Cefalo-User\\Documents\\Github\\blogger-mint\\services\\blog.service.js": {"path":"C:\\Users\\Cefalo-User\\Documents\\Github\\blogger-mint\\services\\blog.service.js","statementMap":{"0":{"start":{"line":1,"column":23},"end":{"line":1,"column":65}},"1":{"start":{"line":2,"column":19},"end":{"line":2,"column":50}},"2":{"start":{"line":3,"column":20},"end":{"line":3,"column":55}},"3":{"start":{"line":4,"column":23},"end":{"line":4,"column":58}},"4":{"start":{"line":5,"column":21},"end":{"line":5,"column":59}},"5":{"start":{"line":6,"column":28},"end":{"line":6,"column":56}},"6":{"start":{"line":9,"column":20},"end":{"line":15,"column":1}},"7":{"start":{"line":10,"column":23},"end":{"line":10,"column":63}},"8":{"start":{"line":11,"column":21},"end":{"line":11,"column":60}},"9":{"start":{"line":12,"column":23},"end":{"line":12,"column":73}},"10":{"start":{"line":13,"column":22},"end":{"line":13,"column":59}},"11":{"start":{"line":14,"column":4},"end":{"line":14,"column":61}},"12":{"start":{"line":17,"column":19},"end":{"line":37,"column":1}},"13":{"start":{"line":18,"column":15},"end":{"line":18,"column":40}},"14":{"start":{"line":19,"column":18},"end":{"line":19,"column":28}},"15":{"start":{"line":20,"column":24},"end":{"line":20,"column":40}},"16":{"start":{"line":21,"column":21},"end":{"line":21,"column":42}},"17":{"start":{"line":22,"column":27},"end":{"line":22,"column":72}},"18":{"start":{"line":23,"column":21},"end":{"line":23,"column":43}},"19":{"start":{"line":24,"column":22},"end":{"line":24,"column":64}},"20":{"start":{"line":25,"column":22},"end":{"line":25,"column":64}},"21":{"start":{"line":27,"column":20},"end":{"line":34,"column":5}},"22":{"start":{"line":35,"column":4},"end":{"line":35,"column":20}},"23":{"start":{"line":40,"column":26},"end":{"line":48,"column":1}},"24":{"start":{"line":41,"column":25},"end":{"line":43,"column":5}},"25":{"start":{"line":44,"column":4},"end":{"line":46,"column":5}},"26":{"start":{"line":45,"column":6},"end":{"line":45,"column":50}},"27":{"start":{"line":47,"column":4},"end":{"line":47,"column":24}},"28":{"start":{"line":51,"column":20},"end":{"line":57,"column":1}},"29":{"start":{"line":52,"column":23},"end":{"line":52,"column":63}},"30":{"start":{"line":53,"column":2},"end":{"line":55,"column":3}},"31":{"start":{"line":54,"column":4},"end":{"line":54,"column":48}},"32":{"start":{"line":56,"column":2},"end":{"line":56,"column":22}},"33":{"start":{"line":59,"column":23},"end":{"line":71,"column":1}},"34":{"start":{"line":60,"column":23},"end":{"line":60,"column":63}},"35":{"start":{"line":61,"column":16},"end":{"line":61,"column":26}},"36":{"start":{"line":62,"column":22},"end":{"line":62,"column":38}},"37":{"start":{"line":63,"column":4},"end":{"line":67,"column":5}},"38":{"start":{"line":64,"column":6},"end":{"line":64,"column":45}},"39":{"start":{"line":65,"column":11},"end":{"line":67,"column":5}},"40":{"start":{"line":66,"column":6},"end":{"line":66,"column":33}},"41":{"start":{"line":68,"column":22},"end":{"line":68,"column":64}},"42":{"start":{"line":69,"column":24},"end":{"line":69,"column":98}},"43":{"start":{"line":70,"column":4},"end":{"line":70,"column":23}},"44":{"start":{"line":73,"column":23},"end":{"line":76,"column":1}},"45":{"start":{"line":74,"column":31},"end":{"line":74,"column":68}},"46":{"start":{"line":75,"column":4},"end":{"line":75,"column":30}},"47":{"start":{"line":78,"column":0},"end":{"line":85,"column":2}}},"fnMap":{"0":{"name":"(anonymous_0)","decl":{"start":{"line":9,"column":20},"end":{"line":9,"column":21}},"loc":{"start":{"line":9,"column":31},"end":{"line":15,"column":1}},"line":9},"1":{"name":"(anonymous_1)","decl":{"start":{"line":17,"column":19},"end":{"line":17,"column":20}},"loc":{"start":{"line":17,"column":35},"end":{"line":37,"column":1}},"line":17},"2":{"name":"(anonymous_2)","decl":{"start":{"line":40,"column":26},"end":{"line":40,"column":27}},"loc":{"start":{"line":40,"column":46},"end":{"line":48,"column":1}},"line":40},"3":{"name":"(anonymous_3)","decl":{"start":{"line":51,"column":20},"end":{"line":51,"column":21}},"loc":{"start":{"line":51,"column":38},"end":{"line":57,"column":1}},"line":51},"4":{"name":"(anonymous_4)","decl":{"start":{"line":59,"column":23},"end":{"line":59,"column":24}},"loc":{"start":{"line":59,"column":47},"end":{"line":71,"column":1}},"line":59},"5":{"name":"(anonymous_5)","decl":{"start":{"line":73,"column":23},"end":{"line":73,"column":24}},"loc":{"start":{"line":73,"column":41},"end":{"line":76,"column":1}},"line":73}},"branchMap":{"0":{"loc":{"start":{"line":44,"column":4},"end":{"line":46,"column":5}},"type":"if","locations":[{"start":{"line":44,"column":4},"end":{"line":46,"column":5}},{"start":{},"end":{}}],"line":44},"1":{"loc":{"start":{"line":53,"column":2},"end":{"line":55,"column":3}},"type":"if","locations":[{"start":{"line":53,"column":2},"end":{"line":55,"column":3}},{"start":{},"end":{}}],"line":53},"2":{"loc":{"start":{"line":63,"column":4},"end":{"line":67,"column":5}},"type":"if","locations":[{"start":{"line":63,"column":4},"end":{"line":67,"column":5}},{"start":{"line":65,"column":11},"end":{"line":67,"column":5}}],"line":63},"3":{"loc":{"start":{"line":65,"column":11},"end":{"line":67,"column":5}},"type":"if","locations":[{"start":{"line":65,"column":11},"end":{"line":67,"column":5}},{"start":{},"end":{}}],"line":65}},"s":{"0":2,"1":2,"2":2,"3":2,"4":2,"5":2,"6":2,"7":2,"8":2,"9":2,"10":2,"11":2,"12":2,"13":2,"14":2,"15":2,"16":2,"17":2,"18":0,"19":0,"20":0,"21":0,"22":0,"23":2,"24":3,"25":1,"26":0,"27":1,"28":2,"29":3,"30":1,"31":0,"32":1,"33":2,"34":2,"35":2,"36":2,"37":2,"38":0,"39":2,"40":0,"41":2,"42":2,"43":1,"44":2,"45":2,"46":2,"47":2},"f":{"0":2,"1":2,"2":3,"3":3,"4":2,"5":2},"b":{"0":[0,1],"1":[0,1],"2":[0,2],"3":[0,2]},"_coverageSchema":"1a1c01bbd47fc00a2c39e90264f33305004495a9","hash":"abbe90527340460169c1c19da9860676c39444dc"}
,"C:\\Users\\Cefalo-User\\Documents\\Github\\blogger-mint\\services\\user.service.js": {"path":"C:\\Users\\Cefalo-User\\Documents\\Github\\blogger-mint\\services\\user.service.js","statementMap":{"0":{"start":{"line":1,"column":23},"end":{"line":1,"column":65}},"1":{"start":{"line":2,"column":16},"end":{"line":2,"column":42}},"2":{"start":{"line":3,"column":19},"end":{"line":3,"column":50}},"3":{"start":{"line":4,"column":27},"end":{"line":4,"column":67}},"4":{"start":{"line":5,"column":23},"end":{"line":5,"column":58}},"5":{"start":{"line":6,"column":28},"end":{"line":6,"column":44}},"6":{"start":{"line":7,"column":21},"end":{"line":7,"column":59}},"7":{"start":{"line":10,"column":20},"end":{"line":25,"column":1}},"8":{"start":{"line":12,"column":23},"end":{"line":12,"column":63}},"9":{"start":{"line":13,"column":21},"end":{"line":13,"column":60}},"10":{"start":{"line":14,"column":23},"end":{"line":14,"column":73}},"11":{"start":{"line":15,"column":22},"end":{"line":15,"column":59}},"12":{"start":{"line":17,"column":18},"end":{"line":17,"column":73}},"13":{"start":{"line":18,"column":21},"end":{"line":18,"column":23}},"14":{"start":{"line":19,"column":4},"end":{"line":22,"column":7}},"15":{"start":{"line":20,"column":22},"end":{"line":20,"column":39}},"16":{"start":{"line":21,"column":6},"end":{"line":21,"column":29}},"17":{"start":{"line":23,"column":4},"end":{"line":23,"column":20}},"18":{"start":{"line":27,"column":19},"end":{"line":50,"column":1}},"19":{"start":{"line":29,"column":13},"end":{"line":29,"column":38}},"20":{"start":{"line":30,"column":19},"end":{"line":30,"column":32}},"21":{"start":{"line":31,"column":16},"end":{"line":31,"column":26}},"22":{"start":{"line":33,"column":19},"end":{"line":33,"column":79}},"23":{"start":{"line":34,"column":20},"end":{"line":34,"column":62}},"24":{"start":{"line":35,"column":20},"end":{"line":35,"column":62}},"25":{"start":{"line":37,"column":18},"end":{"line":44,"column":3}},"26":{"start":{"line":46,"column":18},"end":{"line":46,"column":38}},"27":{"start":{"line":47,"column":2},"end":{"line":47,"column":17}},"28":{"start":{"line":52,"column":26},"end":{"line":69,"column":1}},"29":{"start":{"line":53,"column":19},"end":{"line":53,"column":50}},"30":{"start":{"line":54,"column":25},"end":{"line":54,"column":72}},"31":{"start":{"line":56,"column":2},"end":{"line":58,"column":3}},"32":{"start":{"line":57,"column":4},"end":{"line":57,"column":52}},"33":{"start":{"line":60,"column":23},"end":{"line":60,"column":71}},"34":{"start":{"line":62,"column":2},"end":{"line":64,"column":3}},"35":{"start":{"line":63,"column":3},"end":{"line":63,"column":47}},"36":{"start":{"line":66,"column":18},"end":{"line":66,"column":43}},"37":{"start":{"line":67,"column":2},"end":{"line":67,"column":17}},"38":{"start":{"line":71,"column":25},"end":{"line":81,"column":1}},"39":{"start":{"line":73,"column":19},"end":{"line":73,"column":46}},"40":{"start":{"line":74,"column":15},"end":{"line":74,"column":63}},"41":{"start":{"line":75,"column":2},"end":{"line":78,"column":3}},"42":{"start":{"line":76,"column":4},"end":{"line":76,"column":48}},"43":{"start":{"line":79,"column":2},"end":{"line":79,"column":14}},"44":{"start":{"line":83,"column":37},"end":{"line":96,"column":1}},"45":{"start":{"line":84,"column":19},"end":{"line":84,"column":50}},"46":{"start":{"line":86,"column":19},"end":{"line":86,"column":79}},"47":{"start":{"line":87,"column":20},"end":{"line":87,"column":62}},"48":{"start":{"line":88,"column":30},"end":{"line":92,"column":3}},"49":{"start":{"line":94,"column":2},"end":{"line":94,"column":29}},"50":{"start":{"line":98,"column":29},"end":{"line":105,"column":1}},"51":{"start":{"line":100,"column":19},"end":{"line":100,"column":50}},"52":{"start":{"line":102,"column":30},"end":{"line":102,"column":75}},"53":{"start":{"line":103,"column":2},"end":{"line":103,"column":29}},"54":{"start":{"line":107,"column":0},"end":{"line":114,"column":2}}},"fnMap":{"0":{"name":"(anonymous_0)","decl":{"start":{"line":10,"column":20},"end":{"line":10,"column":21}},"loc":{"start":{"line":10,"column":37},"end":{"line":25,"column":1}},"line":10},"1":{"name":"(anonymous_1)","decl":{"start":{"line":19,"column":18},"end":{"line":19,"column":19}},"loc":{"start":{"line":19,"column":28},"end":{"line":22,"column":5}},"line":19},"2":{"name":"(anonymous_2)","decl":{"start":{"line":27,"column":19},"end":{"line":27,"column":20}},"loc":{"start":{"line":27,"column":35},"end":{"line":50,"column":1}},"line":27},"3":{"name":"(anonymous_3)","decl":{"start":{"line":52,"column":26},"end":{"line":52,"column":27}},"loc":{"start":{"line":52,"column":55},"end":{"line":69,"column":1}},"line":52},"4":{"name":"(anonymous_4)","decl":{"start":{"line":71,"column":25},"end":{"line":71,"column":26}},"loc":{"start":{"line":71,"column":41},"end":{"line":81,"column":1}},"line":71},"5":{"name":"(anonymous_5)","decl":{"start":{"line":83,"column":37},"end":{"line":83,"column":38}},"loc":{"start":{"line":83,"column":72},"end":{"line":96,"column":1}},"line":83},"6":{"name":"(anonymous_6)","decl":{"start":{"line":98,"column":29},"end":{"line":98,"column":30}},"loc":{"start":{"line":98,"column":58},"end":{"line":105,"column":1}},"line":98}},"branchMap":{"0":{"loc":{"start":{"line":56,"column":2},"end":{"line":58,"column":3}},"type":"if","locations":[{"start":{"line":56,"column":2},"end":{"line":58,"column":3}},{"start":{},"end":{}}],"line":56},"1":{"loc":{"start":{"line":62,"column":2},"end":{"line":64,"column":3}},"type":"if","locations":[{"start":{"line":62,"column":2},"end":{"line":64,"column":3}},{"start":{},"end":{}}],"line":62},"2":{"loc":{"start":{"line":75,"column":2},"end":{"line":78,"column":3}},"type":"if","locations":[{"start":{"line":75,"column":2},"end":{"line":78,"column":3}},{"start":{},"end":{}}],"line":75}},"s":{"0":6,"1":6,"2":6,"3":6,"4":6,"5":6,"6":6,"7":6,"8":2,"9":2,"10":2,"11":2,"12":2,"13":1,"14":1,"15":0,"16":0,"17":0,"18":6,"19":2,"20":2,"21":2,"22":2,"23":2,"24":2,"25":2,"26":1,"27":1,"28":6,"29":5,"30":5,"31":5,"32":0,"33":5,"34":3,"35":2,"36":1,"37":1,"38":6,"39":3,"40":0,"41":0,"42":0,"43":0,"44":6,"45":1,"46":1,"47":1,"48":1,"49":1,"50":6,"51":2,"52":2,"53":2,"54":6},"f":{"0":2,"1":0,"2":2,"3":5,"4":3,"5":1,"6":2},"b":{"0":[0,5],"1":[2,1],"2":[0,0]},"_coverageSchema":"1a1c01bbd47fc00a2c39e90264f33305004495a9","hash":"f16e808b89740e35fa1f13fbaeac1d456378437e"}
,"C:\\Users\\Cefalo-User\\Documents\\Github\\blogger-mint\\tests\\databases\\auth.database.js": {"path":"C:\\Users\\Cefalo-User\\Documents\\Github\\blogger-mint\\tests\\databases\\auth.database.js","statementMap":{},"fnMap":{},"branchMap":{},"s":{},"f":{},"b":{},"_coverageSchema":"1a1c01bbd47fc00a2c39e90264f33305004495a9","hash":"fc29f3bafe98d05e5a362fec57325cae649ada22"}
,"C:\\Users\\Cefalo-User\\Documents\\Github\\blogger-mint\\tests\\databases\\blog.database.js": {"path":"C:\\Users\\Cefalo-User\\Documents\\Github\\blogger-mint\\tests\\databases\\blog.database.js","statementMap":{"0":{"start":{"line":1,"column":20},"end":{"line":112,"column":1}},"1":{"start":{"line":114,"column":27},"end":{"line":147,"column":1}},"2":{"start":{"line":149,"column":0},"end":{"line":149,"column":52}}},"fnMap":{},"branchMap":{},"s":{"0":3,"1":3,"2":3},"f":{},"b":{},"_coverageSchema":"1a1c01bbd47fc00a2c39e90264f33305004495a9","hash":"0413642703422429c5edb99a6d09f60051222205"}
,"C:\\Users\\Cefalo-User\\Documents\\Github\\blogger-mint\\tests\\databases\\user.database.js": {"path":"C:\\Users\\Cefalo-User\\Documents\\Github\\blogger-mint\\tests\\databases\\user.database.js","statementMap":{"0":{"start":{"line":1,"column":22},"end":{"line":83,"column":1}},"1":{"start":{"line":85,"column":0},"end":{"line":85,"column":30}}},"fnMap":{},"branchMap":{},"s":{"0":3,"1":3},"f":{},"b":{},"_coverageSchema":"1a1c01bbd47fc00a2c39e90264f33305004495a9","hash":"97fbcc2e5c867e3cd0973fa69739a07cd65bf21b"}
,"C:\\Users\\Cefalo-User\\Documents\\Github\\blogger-mint\\utils\\auth.util.js": {"path":"C:\\Users\\Cefalo-User\\Documents\\Github\\blogger-mint\\utils\\auth.util.js","statementMap":{"0":{"start":{"line":1,"column":15},"end":{"line":1,"column":32}},"1":{"start":{"line":2,"column":12},"end":{"line":2,"column":35}},"2":{"start":{"line":3,"column":25},"end":{"line":11,"column":1}},"3":{"start":{"line":4,"column":16},"end":{"line":9,"column":6}},"4":{"start":{"line":10,"column":2},"end":{"line":10,"column":15}},"5":{"start":{"line":14,"column":24},"end":{"line":16,"column":3}},"6":{"start":{"line":15,"column":2},"end":{"line":15,"column":52}},"7":{"start":{"line":18,"column":0},"end":{"line":20,"column":2}}},"fnMap":{"0":{"name":"(anonymous_0)","decl":{"start":{"line":3,"column":25},"end":{"line":3,"column":26}},"loc":{"start":{"line":3,"column":43},"end":{"line":11,"column":1}},"line":3},"1":{"name":"(anonymous_1)","decl":{"start":{"line":14,"column":24},"end":{"line":14,"column":25}},"loc":{"start":{"line":14,"column":62},"end":{"line":16,"column":3}},"line":14}},"branchMap":{},"s":{"0":2,"1":2,"2":2,"3":0,"4":0,"5":2,"6":1,"7":2},"f":{"0":0,"1":1},"b":{},"_coverageSchema":"1a1c01bbd47fc00a2c39e90264f33305004495a9","hash":"a44231b7d26ea46e877626526bac6de00cdebbe5"}
,"C:\\Users\\Cefalo-User\\Documents\\Github\\blogger-mint\\utils\\blog.validation.util.js": {"path":"C:\\Users\\Cefalo-User\\Documents\\Github\\blogger-mint\\utils\\blog.validation.util.js","statementMap":{"0":{"start":{"line":2,"column":23},"end":{"line":4,"column":1}},"1":{"start":{"line":3,"column":2},"end":{"line":3,"column":50}},"2":{"start":{"line":6,"column":26},"end":{"line":24,"column":1}},"3":{"start":{"line":8,"column":2},"end":{"line":10,"column":3}},"4":{"start":{"line":9,"column":4},"end":{"line":9,"column":62}},"5":{"start":{"line":12,"column":16},"end":{"line":12,"column":26}},"6":{"start":{"line":13,"column":22},"end":{"line":13,"column":38}},"7":{"start":{"line":15,"column":2},"end":{"line":17,"column":3}},"8":{"start":{"line":16,"column":4},"end":{"line":16,"column":61}},"9":{"start":{"line":19,"column":2},"end":{"line":21,"column":3}},"10":{"start":{"line":20,"column":4},"end":{"line":20,"column":67}},"11":{"start":{"line":22,"column":2},"end":{"line":22,"column":41}},"12":{"start":{"line":26,"column":37},"end":{"line":43,"column":1}},"13":{"start":{"line":28,"column":2},"end":{"line":30,"column":3}},"14":{"start":{"line":29,"column":4},"end":{"line":29,"column":63}},"15":{"start":{"line":32,"column":16},"end":{"line":32,"column":26}},"16":{"start":{"line":33,"column":22},"end":{"line":33,"column":38}},"17":{"start":{"line":35,"column":2},"end":{"line":40,"column":3}},"18":{"start":{"line":36,"column":4},"end":{"line":39,"column":6}},"19":{"start":{"line":41,"column":2},"end":{"line":41,"column":43}},"20":{"start":{"line":45,"column":0},"end":{"line":47,"column":4}}},"fnMap":{"0":{"name":"(anonymous_0)","decl":{"start":{"line":2,"column":23},"end":{"line":2,"column":24}},"loc":{"start":{"line":2,"column":33},"end":{"line":4,"column":1}},"line":2},"1":{"name":"(anonymous_1)","decl":{"start":{"line":6,"column":26},"end":{"line":6,"column":27}},"loc":{"start":{"line":6,"column":34},"end":{"line":24,"column":1}},"line":6},"2":{"name":"(anonymous_2)","decl":{"start":{"line":26,"column":37},"end":{"line":26,"column":38}},"loc":{"start":{"line":26,"column":45},"end":{"line":43,"column":1}},"line":26}},"branchMap":{"0":{"loc":{"start":{"line":3,"column":9},"end":{"line":3,"column":49}},"type":"cond-expr","locations":[{"start":{"line":3,"column":37},"end":{"line":3,"column":41}},{"start":{"line":3,"column":44},"end":{"line":3,"column":49}}],"line":3},"1":{"loc":{"start":{"line":8,"column":2},"end":{"line":10,"column":3}},"type":"if","locations":[{"start":{"line":8,"column":2},"end":{"line":10,"column":3}},{"start":{},"end":{}}],"line":8},"2":{"loc":{"start":{"line":15,"column":2},"end":{"line":17,"column":3}},"type":"if","locations":[{"start":{"line":15,"column":2},"end":{"line":17,"column":3}},{"start":{},"end":{}}],"line":15},"3":{"loc":{"start":{"line":19,"column":2},"end":{"line":21,"column":3}},"type":"if","locations":[{"start":{"line":19,"column":2},"end":{"line":21,"column":3}},{"start":{},"end":{}}],"line":19},"4":{"loc":{"start":{"line":28,"column":2},"end":{"line":30,"column":3}},"type":"if","locations":[{"start":{"line":28,"column":2},"end":{"line":30,"column":3}},{"start":{},"end":{}}],"line":28},"5":{"loc":{"start":{"line":35,"column":2},"end":{"line":40,"column":3}},"type":"if","locations":[{"start":{"line":35,"column":2},"end":{"line":40,"column":3}},{"start":{},"end":{}}],"line":35},"6":{"loc":{"start":{"line":35,"column":6},"end":{"line":35,"column":28}},"type":"binary-expr","locations":[{"start":{"line":35,"column":6},"end":{"line":35,"column":18}},{"start":{"line":35,"column":22},"end":{"line":35,"column":28}}],"line":35}},"s":{"0":1,"1":2,"2":1,"3":1,"4":1,"5":0,"6":0,"7":0,"8":0,"9":0,"10":0,"11":0,"12":1,"13":1,"14":1,"15":0,"16":0,"17":0,"18":0,"19":0,"20":1},"f":{"0":2,"1":1,"2":1},"b":{"0":[2,0],"1":[1,0],"2":[0,0],"3":[0,0],"4":[1,0],"5":[0,0],"6":[0,0]},"_coverageSchema":"1a1c01bbd47fc00a2c39e90264f33305004495a9","hash":"4176caa4a9a6d0a7184ab4399e37bf273d4e7437"}
,"C:\\Users\\Cefalo-User\\Documents\\Github\\blogger-mint\\utils\\common.util.js": {"path":"C:\\Users\\Cefalo-User\\Documents\\Github\\blogger-mint\\utils\\common.util.js","statementMap":{"0":{"start":{"line":2,"column":23},"end":{"line":2,"column":38}},"1":{"start":{"line":4,"column":21},"end":{"line":6,"column":1}},"2":{"start":{"line":5,"column":2},"end":{"line":5,"column":18}},"3":{"start":{"line":8,"column":28},"end":{"line":18,"column":1}},"4":{"start":{"line":9,"column":15},"end":{"line":9,"column":34}},"5":{"start":{"line":10,"column":15},"end":{"line":10,"column":41}},"6":{"start":{"line":11,"column":16},"end":{"line":11,"column":60}},"7":{"start":{"line":12,"column":14},"end":{"line":12,"column":53}},"8":{"start":{"line":13,"column":15},"end":{"line":13,"column":38}},"9":{"start":{"line":14,"column":18},"end":{"line":14,"column":43}},"10":{"start":{"line":15,"column":17},"end":{"line":15,"column":42}},"11":{"start":{"line":17,"column":2},"end":{"line":17,"column":64}},"12":{"start":{"line":21,"column":0},"end":{"line":23,"column":2}}},"fnMap":{"0":{"name":"(anonymous_0)","decl":{"start":{"line":4,"column":21},"end":{"line":4,"column":22}},"loc":{"start":{"line":4,"column":27},"end":{"line":6,"column":1}},"line":4},"1":{"name":"(anonymous_1)","decl":{"start":{"line":8,"column":28},"end":{"line":8,"column":29}},"loc":{"start":{"line":8,"column":43},"end":{"line":18,"column":1}},"line":8}},"branchMap":{},"s":{"0":6,"1":6,"2":4,"3":6,"4":7,"5":7,"6":7,"7":7,"8":7,"9":7,"10":7,"11":7,"12":6},"f":{"0":4,"1":7},"b":{},"_coverageSchema":"1a1c01bbd47fc00a2c39e90264f33305004495a9","hash":"6df5ec16c367b9bf19467dbc842502e2702c3948"}
,"C:\\Users\\Cefalo-User\\Documents\\Github\\blogger-mint\\utils\\content-negotiation.util.js": {"path":"C:\\Users\\Cefalo-User\\Documents\\Github\\blogger-mint\\utils\\content-negotiation.util.js","statementMap":{"0":{"start":{"line":1,"column":27},"end":{"line":1,"column":50}},"1":{"start":{"line":2,"column":24},"end":{"line":2,"column":53}},"2":{"start":{"line":3,"column":19},"end":{"line":3,"column":42}},"3":{"start":{"line":5,"column":29},"end":{"line":7,"column":1}},"4":{"start":{"line":6,"column":4},"end":{"line":6,"column":46}},"5":{"start":{"line":10,"column":30},"end":{"line":12,"column":1}},"6":{"start":{"line":11,"column":4},"end":{"line":11,"column":16}},"7":{"start":{"line":14,"column":30},"end":{"line":16,"column":1}},"8":{"start":{"line":15,"column":3},"end":{"line":15,"column":27}},"9":{"start":{"line":18,"column":29},"end":{"line":20,"column":1}},"10":{"start":{"line":19,"column":4},"end":{"line":19,"column":50}},"11":{"start":{"line":22,"column":30},"end":{"line":24,"column":1}},"12":{"start":{"line":23,"column":4},"end":{"line":23,"column":73}},"13":{"start":{"line":26,"column":41},"end":{"line":42,"column":1}},"14":{"start":{"line":27,"column":23},"end":{"line":27,"column":50}},"15":{"start":{"line":28,"column":23},"end":{"line":28,"column":41}},"16":{"start":{"line":29,"column":4},"end":{"line":40,"column":5}},"17":{"start":{"line":31,"column":12},"end":{"line":31,"column":54}},"18":{"start":{"line":32,"column":12},"end":{"line":32,"column":18}},"19":{"start":{"line":34,"column":12},"end":{"line":34,"column":53}},"20":{"start":{"line":35,"column":12},"end":{"line":35,"column":18}},"21":{"start":{"line":37,"column":12},"end":{"line":37,"column":54}},"22":{"start":{"line":38,"column":12},"end":{"line":38,"column":18}},"23":{"start":{"line":41,"column":4},"end":{"line":41,"column":50}},"24":{"start":{"line":45,"column":0},"end":{"line":45,"column":50}}},"fnMap":{"0":{"name":"(anonymous_0)","decl":{"start":{"line":5,"column":29},"end":{"line":5,"column":30}},"loc":{"start":{"line":5,"column":60},"end":{"line":7,"column":1}},"line":5},"1":{"name":"(anonymous_1)","decl":{"start":{"line":10,"column":30},"end":{"line":10,"column":31}},"loc":{"start":{"line":10,"column":38},"end":{"line":12,"column":1}},"line":10},"2":{"name":"(anonymous_2)","decl":{"start":{"line":14,"column":30},"end":{"line":14,"column":31}},"loc":{"start":{"line":14,"column":38},"end":{"line":16,"column":1}},"line":14},"3":{"name":"(anonymous_3)","decl":{"start":{"line":18,"column":29},"end":{"line":18,"column":30}},"loc":{"start":{"line":18,"column":37},"end":{"line":20,"column":1}},"line":18},"4":{"name":"(anonymous_4)","decl":{"start":{"line":22,"column":30},"end":{"line":22,"column":31}},"loc":{"start":{"line":22,"column":38},"end":{"line":24,"column":1}},"line":22},"5":{"name":"(anonymous_5)","decl":{"start":{"line":26,"column":41},"end":{"line":26,"column":42}},"loc":{"start":{"line":26,"column":69},"end":{"line":42,"column":1}},"line":26}},"branchMap":{"0":{"loc":{"start":{"line":29,"column":4},"end":{"line":40,"column":5}},"type":"switch","locations":[{"start":{"line":30,"column":8},"end":{"line":32,"column":18}},{"start":{"line":33,"column":8},"end":{"line":35,"column":18}},{"start":{"line":36,"column":8},"end":{"line":38,"column":18}}],"line":29}},"s":{"0":3,"1":3,"2":3,"3":3,"4":0,"5":3,"6":0,"7":3,"8":0,"9":3,"10":0,"11":3,"12":0,"13":3,"14":0,"15":0,"16":0,"17":0,"18":0,"19":0,"20":0,"21":0,"22":0,"23":0,"24":3},"f":{"0":0,"1":0,"2":0,"3":0,"4":0,"5":0},"b":{"0":[0,0,0]},"_coverageSchema":"1a1c01bbd47fc00a2c39e90264f33305004495a9","hash":"84dea907f586651edae78a03e02369447be1002e"}
,"C:\\Users\\Cefalo-User\\Documents\\Github\\blogger-mint\\utils\\error.handler.util.js": {"path":"C:\\Users\\Cefalo-User\\Documents\\Github\\blogger-mint\\utils\\error.handler.util.js","statementMap":{"0":{"start":{"line":4,"column":8},"end":{"line":4,"column":23}},"1":{"start":{"line":5,"column":8},"end":{"line":5,"column":37}},"2":{"start":{"line":12,"column":8},"end":{"line":15,"column":10}},"3":{"start":{"line":13,"column":12},"end":{"line":13,"column":35}},"4":{"start":{"line":14,"column":12},"end":{"line":14,"column":35}},"5":{"start":{"line":16,"column":8},"end":{"line":16,"column":26}},"6":{"start":{"line":17,"column":8},"end":{"line":17,"column":37}},"7":{"start":{"line":21,"column":0},"end":{"line":21,"column":55}}},"fnMap":{"0":{"name":"(anonymous_0)","decl":{"start":{"line":3,"column":4},"end":{"line":3,"column":5}},"loc":{"start":{"line":3,"column":36},"end":{"line":6,"column":5}},"line":3},"1":{"name":"(anonymous_1)","decl":{"start":{"line":10,"column":4},"end":{"line":10,"column":5}},"loc":{"start":{"line":10,"column":32},"end":{"line":18,"column":5}},"line":10},"2":{"name":"(anonymous_2)","decl":{"start":{"line":12,"column":23},"end":{"line":12,"column":24}},"loc":{"start":{"line":12,"column":28},"end":{"line":15,"column":9}},"line":12}},"branchMap":{},"s":{"0":24,"1":24,"2":0,"3":0,"4":0,"5":0,"6":0,"7":8},"f":{"0":24,"1":0,"2":0},"b":{},"_coverageSchema":"1a1c01bbd47fc00a2c39e90264f33305004495a9","hash":"da84bd8b9de72e6484101cacdc0ee958f32ae86a"}
,"C:\\Users\\Cefalo-User\\Documents\\Github\\blogger-mint\\utils\\pagination.util.js": {"path":"C:\\Users\\Cefalo-User\\Documents\\Github\\blogger-mint\\utils\\pagination.util.js","statementMap":{"0":{"start":{"line":3,"column":22},"end":{"line":5,"column":1}},"1":{"start":{"line":4,"column":2},"end":{"line":4,"column":33}},"2":{"start":{"line":7,"column":21},"end":{"line":9,"column":1}},"3":{"start":{"line":8,"column":1},"end":{"line":8,"column":17}},"4":{"start":{"line":11,"column":22},"end":{"line":13,"column":2}},"5":{"start":{"line":12,"column":2},"end":{"line":12,"column":45}},"6":{"start":{"line":15,"column":21},"end":{"line":17,"column":2}},"7":{"start":{"line":16,"column":2},"end":{"line":16,"column":49}},"8":{"start":{"line":20,"column":0},"end":{"line":22,"column":2}}},"fnMap":{"0":{"name":"(anonymous_0)","decl":{"start":{"line":3,"column":22},"end":{"line":3,"column":23}},"loc":{"start":{"line":3,"column":47},"end":{"line":5,"column":1}},"line":3},"1":{"name":"(anonymous_1)","decl":{"start":{"line":7,"column":21},"end":{"line":7,"column":22}},"loc":{"start":{"line":7,"column":35},"end":{"line":9,"column":1}},"line":7},"2":{"name":"(anonymous_2)","decl":{"start":{"line":11,"column":22},"end":{"line":11,"column":23}},"loc":{"start":{"line":11,"column":32},"end":{"line":13,"column":2}},"line":11},"3":{"name":"(anonymous_3)","decl":{"start":{"line":15,"column":21},"end":{"line":15,"column":22}},"loc":{"start":{"line":15,"column":32},"end":{"line":17,"column":2}},"line":15}},"branchMap":{"0":{"loc":{"start":{"line":12,"column":9},"end":{"line":12,"column":44}},"type":"cond-expr","locations":[{"start":{"line":12,"column":27},"end":{"line":12,"column":28}},{"start":{"line":12,"column":30},"end":{"line":12,"column":44}}],"line":12},"1":{"loc":{"start":{"line":12,"column":10},"end":{"line":12,"column":24}},"type":"binary-expr","locations":[{"start":{"line":12,"column":10},"end":{"line":12,"column":15}},{"start":{"line":12,"column":17},"end":{"line":12,"column":24}}],"line":12},"2":{"loc":{"start":{"line":16,"column":9},"end":{"line":16,"column":48}},"type":"cond-expr","locations":[{"start":{"line":16,"column":29},"end":{"line":16,"column":31}},{"start":{"line":16,"column":33},"end":{"line":16,"column":48}}],"line":16},"3":{"loc":{"start":{"line":16,"column":10},"end":{"line":16,"column":26}},"type":"binary-expr","locations":[{"start":{"line":16,"column":10},"end":{"line":16,"column":16}},{"start":{"line":16,"column":18},"end":{"line":16,"column":26}}],"line":16}},"s":{"0":6,"1":4,"2":6,"3":4,"4":6,"5":4,"6":6,"7":4,"8":6},"f":{"0":4,"1":4,"2":4,"3":4},"b":{"0":[0,4],"1":[4,4],"2":[0,4],"3":[4,4]},"_coverageSchema":"1a1c01bbd47fc00a2c39e90264f33305004495a9","hash":"4b166330af396e02ccc37edbbd4a9aedf8d34679"}
,"C:\\Users\\Cefalo-User\\Documents\\Github\\blogger-mint\\utils\\user.validation.util.js": {"path":"C:\\Users\\Cefalo-User\\Documents\\Github\\blogger-mint\\utils\\user.validation.util.js","statementMap":{"0":{"start":{"line":1,"column":15},"end":{"line":1,"column":32}},"1":{"start":{"line":3,"column":23},"end":{"line":5,"column":1}},"2":{"start":{"line":4,"column":2},"end":{"line":4,"column":50}},"3":{"start":{"line":7,"column":23},"end":{"line":10,"column":1}},"4":{"start":{"line":8,"column":28},"end":{"line":8,"column":44}},"5":{"start":{"line":9,"column":2},"end":{"line":9,"column":37}},"6":{"start":{"line":12,"column":22},"end":{"line":15,"column":1}},"7":{"start":{"line":13,"column":21},"end":{"line":13,"column":49}},"8":{"start":{"line":14,"column":2},"end":{"line":14,"column":32}},"9":{"start":{"line":17,"column":28},"end":{"line":19,"column":1}},"10":{"start":{"line":18,"column":2},"end":{"line":18,"column":30}},"11":{"start":{"line":21,"column":29},"end":{"line":29,"column":1}},"12":{"start":{"line":22,"column":2},"end":{"line":28,"column":3}},"13":{"start":{"line":23,"column":22},"end":{"line":23,"column":46}},"14":{"start":{"line":24,"column":25},"end":{"line":24,"column":68}},"15":{"start":{"line":25,"column":4},"end":{"line":25,"column":24}},"16":{"start":{"line":27,"column":4},"end":{"line":27,"column":14}},"17":{"start":{"line":31,"column":27},"end":{"line":42,"column":1}},"18":{"start":{"line":33,"column":2},"end":{"line":35,"column":3}},"19":{"start":{"line":34,"column":4},"end":{"line":34,"column":64}},"20":{"start":{"line":37,"column":2},"end":{"line":39,"column":3}},"21":{"start":{"line":38,"column":4},"end":{"line":38,"column":89}},"22":{"start":{"line":40,"column":2},"end":{"line":40,"column":40}},"23":{"start":{"line":45,"column":27},"end":{"line":55,"column":1}},"24":{"start":{"line":46,"column":2},"end":{"line":48,"column":3}},"25":{"start":{"line":47,"column":4},"end":{"line":47,"column":64}},"26":{"start":{"line":50,"column":2},"end":{"line":52,"column":3}},"27":{"start":{"line":51,"column":4},"end":{"line":51,"column":70}},"28":{"start":{"line":53,"column":2},"end":{"line":53,"column":40}},"29":{"start":{"line":57,"column":31},"end":{"line":68,"column":1}},"30":{"start":{"line":58,"column":2},"end":{"line":60,"column":3}},"31":{"start":{"line":59,"column":4},"end":{"line":59,"column":62}},"32":{"start":{"line":62,"column":19},"end":{"line":62,"column":32}},"33":{"start":{"line":63,"column":2},"end":{"line":65,"column":3}},"34":{"start":{"line":64,"column":4},"end":{"line":64,"column":75}},"35":{"start":{"line":66,"column":2},"end":{"line":66,"column":40}},"36":{"start":{"line":72,"column":31},"end":{"line":97,"column":1}},"37":{"start":{"line":73,"column":2},"end":{"line":75,"column":3}},"38":{"start":{"line":74,"column":4},"end":{"line":74,"column":62}},"39":{"start":{"line":76,"column":19},"end":{"line":76,"column":46}},"40":{"start":{"line":77,"column":16},"end":{"line":77,"column":26}},"41":{"start":{"line":78,"column":19},"end":{"line":78,"column":32}},"42":{"start":{"line":80,"column":2},"end":{"line":82,"column":3}},"43":{"start":{"line":81,"column":4},"end":{"line":81,"column":61}},"44":{"start":{"line":84,"column":2},"end":{"line":86,"column":3}},"45":{"start":{"line":85,"column":4},"end":{"line":85,"column":75}},"46":{"start":{"line":88,"column":2},"end":{"line":90,"column":3}},"47":{"start":{"line":89,"column":4},"end":{"line":89,"column":75}},"48":{"start":{"line":92,"column":2},"end":{"line":94,"column":3}},"49":{"start":{"line":93,"column":4},"end":{"line":93,"column":70}},"50":{"start":{"line":96,"column":2},"end":{"line":96,"column":40}},"51":{"start":{"line":100,"column":24},"end":{"line":116,"column":1}},"52":{"start":{"line":101,"column":2},"end":{"line":103,"column":3}},"53":{"start":{"line":102,"column":4},"end":{"line":102,"column":62}},"54":{"start":{"line":105,"column":19},"end":{"line":105,"column":32}},"55":{"start":{"line":106,"column":19},"end":{"line":106,"column":32}},"56":{"start":{"line":108,"column":2},"end":{"line":110,"column":3}},"57":{"start":{"line":109,"column":4},"end":{"line":109,"column":75}},"58":{"start":{"line":112,"column":2},"end":{"line":114,"column":3}},"59":{"start":{"line":113,"column":4},"end":{"line":113,"column":75}},"60":{"start":{"line":115,"column":2},"end":{"line":115,"column":40}},"61":{"start":{"line":119,"column":0},"end":{"line":130,"column":2}}},"fnMap":{"0":{"name":"(anonymous_0)","decl":{"start":{"line":3,"column":23},"end":{"line":3,"column":24}},"loc":{"start":{"line":3,"column":33},"end":{"line":5,"column":1}},"line":3},"1":{"name":"(anonymous_1)","decl":{"start":{"line":7,"column":23},"end":{"line":7,"column":24}},"loc":{"start":{"line":7,"column":32},"end":{"line":10,"column":1}},"line":7},"2":{"name":"(anonymous_2)","decl":{"start":{"line":12,"column":22},"end":{"line":12,"column":23}},"loc":{"start":{"line":12,"column":33},"end":{"line":15,"column":1}},"line":12},"3":{"name":"(anonymous_3)","decl":{"start":{"line":17,"column":28},"end":{"line":17,"column":29}},"loc":{"start":{"line":17,"column":42},"end":{"line":19,"column":1}},"line":17},"4":{"name":"(anonymous_4)","decl":{"start":{"line":21,"column":29},"end":{"line":21,"column":30}},"loc":{"start":{"line":21,"column":54},"end":{"line":29,"column":1}},"line":21},"5":{"name":"(anonymous_5)","decl":{"start":{"line":31,"column":27},"end":{"line":31,"column":28}},"loc":{"start":{"line":31,"column":41},"end":{"line":42,"column":1}},"line":31},"6":{"name":"(anonymous_6)","decl":{"start":{"line":45,"column":27},"end":{"line":45,"column":28}},"loc":{"start":{"line":45,"column":41},"end":{"line":55,"column":1}},"line":45},"7":{"name":"(anonymous_7)","decl":{"start":{"line":57,"column":31},"end":{"line":57,"column":32}},"loc":{"start":{"line":57,"column":40},"end":{"line":68,"column":1}},"line":57},"8":{"name":"(anonymous_8)","decl":{"start":{"line":72,"column":31},"end":{"line":72,"column":32}},"loc":{"start":{"line":72,"column":41},"end":{"line":97,"column":1}},"line":72},"9":{"name":"(anonymous_9)","decl":{"start":{"line":100,"column":24},"end":{"line":100,"column":25}},"loc":{"start":{"line":100,"column":34},"end":{"line":116,"column":1}},"line":100}},"branchMap":{"0":{"loc":{"start":{"line":4,"column":9},"end":{"line":4,"column":49}},"type":"cond-expr","locations":[{"start":{"line":4,"column":37},"end":{"line":4,"column":41}},{"start":{"line":4,"column":44},"end":{"line":4,"column":49}}],"line":4},"1":{"loc":{"start":{"line":33,"column":2},"end":{"line":35,"column":3}},"type":"if","locations":[{"start":{"line":33,"column":2},"end":{"line":35,"column":3}},{"start":{},"end":{}}],"line":33},"2":{"loc":{"start":{"line":37,"column":2},"end":{"line":39,"column":3}},"type":"if","locations":[{"start":{"line":37,"column":2},"end":{"line":39,"column":3}},{"start":{},"end":{}}],"line":37},"3":{"loc":{"start":{"line":46,"column":2},"end":{"line":48,"column":3}},"type":"if","locations":[{"start":{"line":46,"column":2},"end":{"line":48,"column":3}},{"start":{},"end":{}}],"line":46},"4":{"loc":{"start":{"line":50,"column":2},"end":{"line":52,"column":3}},"type":"if","locations":[{"start":{"line":50,"column":2},"end":{"line":52,"column":3}},{"start":{},"end":{}}],"line":50},"5":{"loc":{"start":{"line":58,"column":2},"end":{"line":60,"column":3}},"type":"if","locations":[{"start":{"line":58,"column":2},"end":{"line":60,"column":3}},{"start":{},"end":{}}],"line":58},"6":{"loc":{"start":{"line":63,"column":2},"end":{"line":65,"column":3}},"type":"if","locations":[{"start":{"line":63,"column":2},"end":{"line":65,"column":3}},{"start":{},"end":{}}],"line":63},"7":{"loc":{"start":{"line":73,"column":2},"end":{"line":75,"column":3}},"type":"if","locations":[{"start":{"line":73,"column":2},"end":{"line":75,"column":3}},{"start":{},"end":{}}],"line":73},"8":{"loc":{"start":{"line":80,"column":2},"end":{"line":82,"column":3}},"type":"if","locations":[{"start":{"line":80,"column":2},"end":{"line":82,"column":3}},{"start":{},"end":{}}],"line":80},"9":{"loc":{"start":{"line":84,"column":2},"end":{"line":86,"column":3}},"type":"if","locations":[{"start":{"line":84,"column":2},"end":{"line":86,"column":3}},{"start":{},"end":{}}],"line":84},"10":{"loc":{"start":{"line":88,"column":2},"end":{"line":90,"column":3}},"type":"if","locations":[{"start":{"line":88,"column":2},"end":{"line":90,"column":3}},{"start":{},"end":{}}],"line":88},"11":{"loc":{"start":{"line":92,"column":2},"end":{"line":94,"column":3}},"type":"if","locations":[{"start":{"line":92,"column":2},"end":{"line":94,"column":3}},{"start":{},"end":{}}],"line":92},"12":{"loc":{"start":{"line":101,"column":2},"end":{"line":103,"column":3}},"type":"if","locations":[{"start":{"line":101,"column":2},"end":{"line":103,"column":3}},{"start":{},"end":{}}],"line":101},"13":{"loc":{"start":{"line":108,"column":2},"end":{"line":110,"column":3}},"type":"if","locations":[{"start":{"line":108,"column":2},"end":{"line":110,"column":3}},{"start":{},"end":{}}],"line":108},"14":{"loc":{"start":{"line":112,"column":2},"end":{"line":114,"column":3}},"type":"if","locations":[{"start":{"line":112,"column":2},"end":{"line":114,"column":3}},{"start":{},"end":{}}],"line":112}},"s":{"0":6,"1":6,"2":3,"3":6,"4":5,"5":5,"6":6,"7":0,"8":0,"9":6,"10":0,"11":6,"12":3,"13":3,"14":3,"15":3,"16":0,"17":6,"18":5,"19":0,"20":5,"21":0,"22":5,"23":6,"24":0,"25":0,"26":0,"27":0,"28":0,"29":6,"30":1,"31":1,"32":0,"33":0,"34":0,"35":0,"36":6,"37":1,"38":1,"39":0,"40":0,"41":0,"42":0,"43":0,"44":0,"45":0,"46":0,"47":0,"48":0,"49":0,"50":0,"51":6,"52":1,"53":0,"54":0,"55":0,"56":0,"57":0,"58":0,"59":0,"60":0,"61":6},"f":{"0":3,"1":5,"2":0,"3":0,"4":3,"5":5,"6":0,"7":1,"8":1,"9":1},"b":{"0":[2,0],"1":[0,5],"2":[0,5],"3":[0,0],"4":[0,0],"5":[1,0],"6":[0,0],"7":[1,0],"8":[0,0],"9":[0,0],"10":[0,0],"11":[0,0],"12":[0,0],"13":[0,0],"14":[0,0]},"_coverageSchema":"1a1c01bbd47fc00a2c39e90264f33305004495a9","hash":"7c78dc4f9baf33cb59dc46af1db0d6842aae97ac"}
}
