TN:
SF:DTO\user.dto.js
FN:2,(anonymous_0)
FNF:1
FNH:1
FNDA:2,(anonymous_0)
DA:3,2
DA:10,2
DA:14,6
LF:3
LH:3
BRF:0
BRH:0
end_of_record
TN:
SF:configs\sequelize.config.js
FN:8,(anonymous_0)
FNF:1
FNH:1
FNDA:8,(anonymous_0)
DA:1,8
DA:2,8
DA:8,8
DA:9,8
DA:10,8
DA:12,2
DA:14,0
DA:18,8
LF:8
LH:7
BRF:0
BRH:0
end_of_record
TN:
SF:controllers\auth.controller.js
FN:7,(anonymous_0)
FN:28,(anonymous_1)
FNF:2
FNH:2
FNDA:1,(anonymous_0)
FNDA:1,(anonymous_1)
DA:1,1
DA:2,1
DA:3,1
DA:4,1
DA:7,1
DA:9,1
DA:10,1
DA:11,1
DA:12,1
DA:15,0
DA:17,0
DA:19,0
DA:21,0
DA:24,1
DA:28,1
DA:30,1
DA:31,1
DA:32,1
DA:33,0
DA:34,0
DA:37,0
DA:39,0
DA:41,0
DA:43,0
DA:46,1
DA:50,1
LF:26
LH:16
BRDA:11,0,0,1
BRDA:11,0,1,0
BRDA:33,1,0,0
BRDA:33,1,1,0
BRF:4
BRH:1
end_of_record
TN:
SF:controllers\blog.controller.js
FN:6,(anonymous_0)
FN:16,(anonymous_1)
FN:30,(anonymous_2)
FN:42,(anonymous_3)
FN:62,(anonymous_4)
FN:85,(anonymous_5)
FNF:6
FNH:4
FNDA:0,(anonymous_0)
FNDA:1,(anonymous_1)
FNDA:1,(anonymous_2)
FNDA:1,(anonymous_3)
FNDA:1,(anonymous_4)
FNDA:0,(anonymous_5)
DA:1,1
DA:2,1
DA:3,1
DA:4,1
DA:6,1
DA:7,0
DA:8,0
DA:9,0
DA:10,0
DA:12,0
DA:16,1
DA:17,1
DA:18,1
DA:19,1
DA:22,0
DA:25,1
DA:30,1
DA:31,1
DA:32,1
DA:34,1
DA:35,0
DA:37,1
DA:42,1
DA:43,1
DA:44,1
DA:45,1
DA:47,1
DA:48,1
DA:51,0
DA:52,0
DA:54,0
DA:55,0
DA:58,1
DA:62,1
DA:64,1
DA:65,1
DA:66,1
DA:68,1
DA:70,1
DA:71,1
DA:75,0
DA:77,0
DA:78,0
DA:81,1
DA:85,1
DA:86,0
DA:87,0
DA:88,0
DA:92,0
DA:93,0
DA:96,0
DA:102,1
LF:52
LH:32
BRDA:47,0,0,1
BRDA:47,0,1,0
BRDA:70,1,0,1
BRDA:70,1,1,0
BRF:4
BRH:2
end_of_record
TN:
SF:controllers\user.controller.js
FN:7,(anonymous_0)
FN:17,(anonymous_1)
FN:30,(anonymous_2)
FN:52,(anonymous_3)
FNF:4
FNH:2
FNDA:0,(anonymous_0)
FNDA:2,(anonymous_1)
FNDA:1,(anonymous_2)
FNDA:0,(anonymous_3)
DA:1,1
DA:2,1
DA:3,1
DA:4,1
DA:7,1
DA:8,0
DA:9,0
DA:10,0
DA:11,0
DA:13,0
DA:17,1
DA:18,2
DA:19,2
DA:20,2
DA:24,0
DA:26,2
DA:30,1
DA:31,1
DA:32,1
DA:33,1
DA:34,1
DA:35,1
DA:36,1
DA:40,0
DA:45,0
DA:46,0
DA:48,1
DA:52,1
DA:53,0
DA:54,0
DA:55,0
DA:58,0
DA:60,0
DA:61,0
DA:63,0
DA:67,1
LF:36
LH:20
BRDA:35,0,0,1
BRDA:35,0,1,0
BRF:2
BRH:1
end_of_record
TN:
SF:models\blog.model.js
FN:7,(anonymous_0)
FN:33,(anonymous_1)
FNF:2
FNH:1
FNDA:0,(anonymous_0)
FNDA:8,(anonymous_1)
DA:1,8
DA:2,8
DA:3,8
DA:4,8
DA:7,0
DA:33,8
DA:34,8
DA:37,8
LF:8
LH:7
BRF:0
BRH:0
end_of_record
TN:
SF:models\index.js
FN:15,(anonymous_0)
FNF:1
FNH:1
FNDA:8,(anonymous_0)
DA:1,8
DA:2,8
DA:3,8
DA:6,8
DA:8,8
DA:15,8
DA:16,8
DA:19,8
LF:8
LH:8
BRF:0
BRH:0
end_of_record
TN:
SF:models\user.model.js
FN:8,(anonymous_0)
FN:41,(anonymous_1)
FNF:2
FNH:1
FNDA:0,(anonymous_0)
FNDA:8,(anonymous_1)
DA:1,8
DA:2,8
DA:3,8
DA:5,8
DA:8,0
DA:41,8
DA:42,8
DA:45,8
LF:8
LH:7
BRF:0
BRH:0
end_of_record
TN:
SF:repositories\blog.repository.js
FN:5,(anonymous_0)
FN:19,(anonymous_1)
FN:43,(anonymous_2)
FN:54,(anonymous_3)
FN:66,(anonymous_4)
FN:80,(anonymous_5)
FNF:6
FNH:6
FNDA:1,(anonymous_0)
FNDA:1,(anonymous_1)
FNDA:2,(anonymous_2)
FNDA:2,(anonymous_3)
FNDA:1,(anonymous_4)
FNDA:1,(anonymous_5)
DA:1,3
DA:3,3
DA:5,3
DA:6,1
DA:15,1
DA:19,3
DA:27,1
DA:28,1
DA:37,1
DA:39,0
DA:43,3
DA:44,2
DA:50,1
DA:54,3
DA:55,2
DA:62,1
DA:66,3
DA:67,1
DA:76,1
DA:80,3
DA:81,1
DA:87,1
DA:91,3
LF:23
LH:22
BRF:0
BRH:0
end_of_record
TN:
SF:repositories\user.repository.js
FN:5,(anonymous_0)
FN:19,(anonymous_1)
FN:35,(anonymous_2)
FN:45,(anonymous_3)
FN:57,(anonymous_4)
FNF:5
FNH:5
FNDA:1,(anonymous_0)
FNDA:1,(anonymous_1)
FNDA:4,(anonymous_2)
FNDA:1,(anonymous_3)
FNDA:1,(anonymous_4)
DA:1,7
DA:2,7
DA:5,7
DA:8,1
DA:15,1
DA:19,7
DA:20,1
DA:21,1
DA:29,1
DA:31,0
DA:35,7
DA:36,4
DA:41,3
DA:45,7
DA:49,1
DA:53,1
DA:57,7
DA:58,1
DA:63,1
DA:67,7
LF:20
LH:19
BRF:0
BRH:0
end_of_record
TN:
SF:services\auth.service.js
FN:6,(anonymous_0)
FN:17,(anonymous_1)
FNF:2
FNH:2
FNDA:2,(anonymous_0)
FNDA:3,(anonymous_1)
DA:1,2
DA:2,2
DA:3,2
DA:6,2
DA:8,2
DA:10,1
DA:13,0
DA:17,2
DA:18,3
DA:20,1
DA:21,1
DA:22,1
DA:27,0
DA:28,0
DA:29,0
DA:31,0
DA:35,2
LF:17
LH:12
BRDA:27,0,0,0
BRDA:27,0,1,0
BRF:2
BRH:0
end_of_record
TN:
SF:services\blog.service.js
FN:9,(anonymous_0)
FN:17,(anonymous_1)
FN:40,(anonymous_2)
FN:51,(anonymous_3)
FN:59,(anonymous_4)
FN:73,(anonymous_5)
FNF:6
FNH:6
FNDA:2,(anonymous_0)
FNDA:2,(anonymous_1)
FNDA:3,(anonymous_2)
FNDA:3,(anonymous_3)
FNDA:2,(anonymous_4)
FNDA:2,(anonymous_5)
DA:1,2
DA:2,2
DA:3,2
DA:4,2
DA:5,2
DA:6,2
DA:9,2
DA:10,2
DA:11,2
DA:12,2
DA:13,2
DA:14,2
DA:17,2
DA:18,2
DA:19,2
DA:20,2
DA:21,2
DA:22,2
DA:23,0
DA:24,0
DA:25,0
DA:27,0
DA:35,0
DA:40,2
DA:41,3
DA:44,1
DA:45,0
DA:47,1
DA:51,2
DA:52,3
DA:53,1
DA:54,0
DA:56,1
DA:59,2
DA:60,2
DA:61,2
DA:62,2
DA:63,2
DA:64,0
DA:65,2
DA:66,0
DA:68,2
DA:69,2
DA:70,1
DA:73,2
DA:74,2
DA:75,2
DA:78,2
LF:48
LH:39
BRDA:44,0,0,0
BRDA:44,0,1,1
BRDA:53,1,0,0
BRDA:53,1,1,1
BRDA:63,2,0,0
BRDA:63,2,1,2
BRDA:65,3,0,0
BRDA:65,3,1,2
BRF:8
BRH:4
end_of_record
TN:
SF:services\user.service.js
FN:10,(anonymous_0)
FN:19,(anonymous_1)
FN:27,(anonymous_2)
FN:52,(anonymous_3)
FN:71,(anonymous_4)
FN:83,(anonymous_5)
FN:98,(anonymous_6)
FNF:7
FNH:6
FNDA:2,(anonymous_0)
FNDA:0,(anonymous_1)
FNDA:2,(anonymous_2)
FNDA:5,(anonymous_3)
FNDA:3,(anonymous_4)
FNDA:1,(anonymous_5)
FNDA:2,(anonymous_6)
DA:1,6
DA:2,6
DA:3,6
DA:4,6
DA:5,6
DA:6,6
DA:7,6
DA:10,6
DA:12,2
DA:13,2
DA:14,2
DA:15,2
DA:17,2
DA:18,1
DA:19,1
DA:20,0
DA:21,0
DA:23,0
DA:27,6
DA:29,2
DA:30,2
DA:31,2
DA:33,2
DA:34,2
DA:35,2
DA:37,2
DA:46,1
DA:47,1
DA:52,6
DA:53,5
DA:54,5
DA:56,5
DA:57,0
DA:60,5
DA:62,3
DA:63,2
DA:66,1
DA:67,1
DA:71,6
DA:73,3
DA:74,0
DA:75,0
DA:76,0
DA:79,0
DA:83,6
DA:84,1
DA:86,1
DA:87,1
DA:88,1
DA:94,1
DA:98,6
DA:100,2
DA:102,2
DA:103,2
DA:107,6
LF:55
LH:47
BRDA:56,0,0,0
BRDA:56,0,1,5
BRDA:62,1,0,2
BRDA:62,1,1,1
BRDA:75,2,0,0
BRDA:75,2,1,0
BRF:6
BRH:3
end_of_record
TN:
SF:tests\databases\auth.database.js
FNF:0
FNH:0
LF:0
LH:0
BRF:0
BRH:0
end_of_record
TN:
SF:tests\databases\blog.database.js
FNF:0
FNH:0
DA:1,3
DA:114,3
DA:149,3
LF:3
LH:3
BRF:0
BRH:0
end_of_record
TN:
SF:tests\databases\user.database.js
FNF:0
FNH:0
DA:1,3
DA:85,3
LF:2
LH:2
BRF:0
BRH:0
end_of_record
TN:
SF:utils\auth.util.js
FN:3,(anonymous_0)
FN:14,(anonymous_1)
FNF:2
FNH:1
FNDA:0,(anonymous_0)
FNDA:1,(anonymous_1)
DA:1,2
DA:2,2
DA:3,2
DA:4,0
DA:10,0
DA:14,2
DA:15,1
DA:18,2
LF:8
LH:6
BRF:0
BRH:0
end_of_record
TN:
SF:utils\blog.validation.util.js
FN:2,(anonymous_0)
FN:6,(anonymous_1)
FN:26,(anonymous_2)
FNF:3
FNH:3
FNDA:2,(anonymous_0)
FNDA:1,(anonymous_1)
FNDA:1,(anonymous_2)
DA:2,1
DA:3,2
DA:6,1
DA:8,1
DA:9,1
DA:12,0
DA:13,0
DA:15,0
DA:16,0
DA:19,0
DA:20,0
DA:22,0
DA:26,1
DA:28,1
DA:29,1
DA:32,0
DA:33,0
DA:35,0
DA:36,0
DA:41,0
DA:45,1
LF:21
LH:9
BRDA:3,0,0,2
BRDA:3,0,1,0
BRDA:8,1,0,1
BRDA:8,1,1,0
BRDA:15,2,0,0
BRDA:15,2,1,0
BRDA:19,3,0,0
BRDA:19,3,1,0
BRDA:28,4,0,1
BRDA:28,4,1,0
BRDA:35,5,0,0
BRDA:35,5,1,0
BRDA:35,6,0,0
BRDA:35,6,1,0
BRF:14
BRH:3
end_of_record
TN:
SF:utils\common.util.js
FN:4,(anonymous_0)
FN:8,(anonymous_1)
FNF:2
FNH:2
FNDA:4,(anonymous_0)
FNDA:7,(anonymous_1)
DA:2,6
DA:4,6
DA:5,4
DA:8,6
DA:9,7
DA:10,7
DA:11,7
DA:12,7
DA:13,7
DA:14,7
DA:15,7
DA:17,7
DA:21,6
LF:13
LH:13
BRF:0
BRH:0
end_of_record
TN:
SF:utils\content-negotiation.util.js
FN:5,(anonymous_0)
FN:10,(anonymous_1)
FN:14,(anonymous_2)
FN:18,(anonymous_3)
FN:22,(anonymous_4)
FN:26,(anonymous_5)
FNF:6
FNH:0
FNDA:0,(anonymous_0)
FNDA:0,(anonymous_1)
FNDA:0,(anonymous_2)
FNDA:0,(anonymous_3)
FNDA:0,(anonymous_4)
FNDA:0,(anonymous_5)
DA:1,3
DA:2,3
DA:3,3
DA:5,3
DA:6,0
DA:10,3
DA:11,0
DA:14,3
DA:15,0
DA:18,3
DA:19,0
DA:22,3
DA:23,0
DA:26,3
DA:27,0
DA:28,0
DA:29,0
DA:31,0
DA:32,0
DA:34,0
DA:35,0
DA:37,0
DA:38,0
DA:41,0
DA:45,3
LF:25
LH:10
BRDA:29,0,0,0
BRDA:29,0,1,0
BRDA:29,0,2,0
BRF:3
BRH:0
end_of_record
TN:
SF:utils\error.handler.util.js
FN:3,(anonymous_0)
FN:10,(anonymous_1)
FN:12,(anonymous_2)
FNF:3
FNH:1
FNDA:24,(anonymous_0)
FNDA:0,(anonymous_1)
FNDA:0,(anonymous_2)
DA:4,24
DA:5,24
DA:12,0
DA:13,0
DA:14,0
DA:16,0
DA:17,0
DA:21,8
LF:8
LH:3
BRF:0
BRH:0
end_of_record
TN:
SF:utils\pagination.util.js
FN:3,(anonymous_0)
FN:7,(anonymous_1)
FN:11,(anonymous_2)
FN:15,(anonymous_3)
FNF:4
FNH:4
FNDA:4,(anonymous_0)
FNDA:4,(anonymous_1)
FNDA:4,(anonymous_2)
FNDA:4,(anonymous_3)
DA:3,6
DA:4,4
DA:7,6
DA:8,4
DA:11,6
DA:12,4
DA:15,6
DA:16,4
DA:20,6
LF:9
LH:9
BRDA:12,0,0,0
BRDA:12,0,1,4
BRDA:12,1,0,4
BRDA:12,1,1,4
BRDA:16,2,0,0
BRDA:16,2,1,4
BRDA:16,3,0,4
BRDA:16,3,1,4
BRF:8
BRH:6
end_of_record
TN:
SF:utils\user.validation.util.js
FN:3,(anonymous_0)
FN:7,(anonymous_1)
FN:12,(anonymous_2)
FN:17,(anonymous_3)
FN:21,(anonymous_4)
FN:31,(anonymous_5)
FN:45,(anonymous_6)
FN:57,(anonymous_7)
FN:72,(anonymous_8)
FN:100,(anonymous_9)
FNF:10
FNH:7
FNDA:3,(anonymous_0)
FNDA:5,(anonymous_1)
FNDA:0,(anonymous_2)
FNDA:0,(anonymous_3)
FNDA:3,(anonymous_4)
FNDA:5,(anonymous_5)
FNDA:0,(anonymous_6)
FNDA:1,(anonymous_7)
FNDA:1,(anonymous_8)
FNDA:1,(anonymous_9)
DA:1,6
DA:3,6
DA:4,3
DA:7,6
DA:8,5
DA:9,5
DA:12,6
DA:13,0
DA:14,0
DA:17,6
DA:18,0
DA:21,6
DA:22,3
DA:23,3
DA:24,3
DA:25,3
DA:27,0
DA:31,6
DA:33,5
DA:34,0
DA:37,5
DA:38,0
DA:40,5
DA:45,6
DA:46,0
DA:47,0
DA:50,0
DA:51,0
DA:53,0
DA:57,6
DA:58,1
DA:59,1
DA:62,0
DA:63,0
DA:64,0
DA:66,0
DA:72,6
DA:73,1
DA:74,1
DA:76,0
DA:77,0
DA:78,0
DA:80,0
DA:81,0
DA:84,0
DA:85,0
DA:88,0
DA:89,0
DA:92,0
DA:93,0
DA:96,0
DA:100,6
DA:101,1
DA:102,0
DA:105,0
DA:106,0
DA:108,0
DA:109,0
DA:112,0
DA:113,0
DA:115,0
DA:119,6
LF:62
LH:27
BRDA:4,0,0,2
BRDA:4,0,1,0
BRDA:33,1,0,0
BRDA:33,1,1,5
BRDA:37,2,0,0
BRDA:37,2,1,5
BRDA:46,3,0,0
BRDA:46,3,1,0
BRDA:50,4,0,0
BRDA:50,4,1,0
BRDA:58,5,0,1
BRDA:58,5,1,0
BRDA:63,6,0,0
BRDA:63,6,1,0
BRDA:73,7,0,1
BRDA:73,7,1,0
BRDA:80,8,0,0
BRDA:80,8,1,0
BRDA:84,9,0,0
BRDA:84,9,1,0
BRDA:88,10,0,0
BRDA:88,10,1,0
BRDA:92,11,0,0
BRDA:92,11,1,0
BRDA:101,12,0,0
BRDA:101,12,1,0
BRDA:108,13,0,0
BRDA:108,13,1,0
BRDA:112,14,0,0
BRDA:112,14,1,0
BRF:30
BRH:5
end_of_record
