TN:
SF:DTO\user.dto.js
FN:2,SingleUserDTO
FNF:1
FNH:1
FNDA:12,SingleUserDTO
DA:1,1
DA:2,1
DA:3,12
DA:4,12
DA:5,12
DA:6,12
DA:7,12
DA:8,12
DA:9,12
DA:10,12
DA:11,12
DA:12,1
DA:13,1
DA:14,1
LF:14
LH:14
BRDA:2,0,0,12
BRF:1
BRH:1
end_of_record
TN:
SF:configs\sequelize.config.js
FNF:0
FNH:0
DA:1,1
DA:2,1
DA:3,1
DA:4,1
DA:5,1
DA:6,1
DA:7,1
DA:8,1
DA:9,8
DA:10,8
DA:11,2
DA:12,2
DA:13,0
DA:14,0
DA:15,1
DA:16,1
DA:17,1
LF:17
LH:15
BRDA:8,0,0,8
BRDA:10,1,0,2
BRDA:12,2,0,0
BRF:3
BRH:2
end_of_record
TN:
SF:controllers\auth.controller.js
FN:7,registerUser
FN:28,loginUser
FNF:2
FNH:2
FNDA:2,registerUser
FNDA:2,loginUser
DA:1,1
DA:2,1
DA:3,1
DA:4,1
DA:5,1
DA:6,1
DA:7,1
DA:8,2
DA:9,2
DA:10,2
DA:11,2
DA:12,1
DA:13,1
DA:14,1
DA:15,1
DA:16,1
DA:17,1
DA:18,1
DA:19,1
DA:20,1
DA:21,1
DA:22,1
DA:23,1
DA:24,1
DA:25,1
DA:26,2
DA:27,1
DA:28,1
DA:29,2
DA:30,2
DA:31,2
DA:32,2
DA:33,2
DA:34,0
DA:35,0
DA:36,2
DA:37,2
DA:38,1
DA:39,1
DA:40,1
DA:41,1
DA:42,1
DA:43,1
DA:44,1
DA:45,1
DA:46,1
DA:47,1
DA:48,2
DA:49,1
DA:50,1
DA:51,1
DA:52,1
DA:53,1
LF:53
LH:51
BRDA:7,0,0,2
BRDA:11,1,0,1
BRDA:28,2,0,2
BRDA:33,3,0,0
BRDA:37,4,0,1
BRF:5
BRH:4
end_of_record
TN:
SF:controllers\blog.controller.js
FN:6,getAllBlogs
FN:16,getBlogById
FN:30,getBlogByAuthorId
FN:42,createBlog
FN:62,updateBlogById
FN:85,deleteBlogById
FNF:6
FNH:6
FNDA:1,getAllBlogs
FNDA:2,getBlogById
FNDA:2,getBlogByAuthorId
FNDA:2,createBlog
FNDA:2,updateBlogById
FNDA:1,deleteBlogById
DA:1,1
DA:2,1
DA:3,1
DA:4,1
DA:5,1
DA:6,1
DA:7,1
DA:8,1
DA:9,1
DA:10,1
DA:11,1
DA:12,0
DA:13,0
DA:14,1
DA:15,1
DA:16,1
DA:17,2
DA:18,2
DA:19,2
DA:20,2
DA:21,2
DA:22,1
DA:23,1
DA:24,1
DA:25,1
DA:26,1
DA:27,1
DA:28,2
DA:29,1
DA:30,1
DA:31,2
DA:32,2
DA:33,2
DA:34,2
DA:35,1
DA:36,1
DA:37,1
DA:38,1
DA:39,2
DA:40,1
DA:41,1
DA:42,1
DA:43,2
DA:44,2
DA:45,2
DA:46,2
DA:47,2
DA:48,1
DA:49,1
DA:50,1
DA:51,1
DA:52,1
DA:53,1
DA:54,1
DA:55,1
DA:56,1
DA:57,1
DA:58,1
DA:59,1
DA:60,2
DA:61,1
DA:62,1
DA:63,2
DA:64,2
DA:65,2
DA:66,2
DA:67,2
DA:68,2
DA:69,2
DA:70,2
DA:71,1
DA:72,1
DA:73,1
DA:74,1
DA:75,1
DA:76,1
DA:77,1
DA:78,1
DA:79,1
DA:80,1
DA:81,1
DA:82,1
DA:83,2
DA:84,1
DA:85,1
DA:86,1
DA:87,1
DA:88,1
DA:89,1
DA:90,1
DA:91,1
DA:92,1
DA:93,1
DA:94,1
DA:95,1
DA:96,0
DA:97,0
DA:98,1
DA:99,1
DA:100,1
DA:101,1
DA:102,1
DA:103,1
DA:104,1
DA:105,1
DA:106,1
DA:107,1
DA:108,1
DA:109,1
DA:110,1
LF:110
LH:106
BRDA:6,0,0,1
BRDA:11,1,0,0
BRDA:16,2,0,2
BRDA:21,3,0,1
BRDA:30,4,0,2
BRDA:34,5,0,1
BRDA:42,6,0,2
BRDA:47,7,0,1
BRDA:62,8,0,2
BRDA:70,9,0,1
BRDA:85,10,0,1
BRDA:95,11,0,0
BRF:12
BRH:10
end_of_record
TN:
SF:controllers\user.controller.js
FN:7,getAllUsers
FN:17,getUserByUsername
FN:30,updateUserPasswordByUsername
FN:52,deleteUserByUsername
FNF:4
FNH:4
FNDA:1,getAllUsers
FNDA:3,getUserByUsername
FNDA:2,updateUserPasswordByUsername
FNDA:1,deleteUserByUsername
DA:1,1
DA:2,1
DA:3,1
DA:4,1
DA:5,1
DA:6,1
DA:7,1
DA:8,1
DA:9,1
DA:10,1
DA:11,1
DA:12,1
DA:13,0
DA:14,0
DA:15,1
DA:16,1
DA:17,1
DA:18,3
DA:19,3
DA:20,3
DA:21,3
DA:22,3
DA:23,1
DA:24,1
DA:25,3
DA:26,2
DA:27,2
DA:28,3
DA:29,1
DA:30,1
DA:31,2
DA:32,2
DA:33,2
DA:34,2
DA:35,2
DA:36,1
DA:37,1
DA:38,1
DA:39,1
DA:40,1
DA:41,1
DA:42,1
DA:43,1
DA:44,1
DA:45,1
DA:46,1
DA:47,1
DA:48,1
DA:49,1
DA:50,2
DA:51,1
DA:52,1
DA:53,1
DA:54,1
DA:55,1
DA:56,1
DA:57,1
DA:58,1
DA:59,1
DA:60,1
DA:61,1
DA:62,1
DA:63,0
DA:64,0
DA:65,1
DA:66,1
DA:67,1
DA:68,1
DA:69,1
DA:70,1
DA:71,1
DA:72,1
LF:72
LH:68
BRDA:7,0,0,1
BRDA:12,1,0,0
BRDA:17,2,0,3
BRDA:22,3,0,1
BRDA:25,4,0,2
BRDA:30,5,0,2
BRDA:35,6,0,1
BRDA:52,7,0,1
BRDA:62,8,0,0
BRF:9
BRH:7
end_of_record
TN:
SF:models\blog.model.js
FN:7,defaultValue
FNF:1
FNH:0
FNDA:0,defaultValue
DA:1,1
DA:2,1
DA:3,1
DA:4,1
DA:5,1
DA:6,1
DA:7,1
DA:8,1
DA:9,1
DA:10,1
DA:11,1
DA:12,1
DA:13,1
DA:14,1
DA:15,1
DA:16,1
DA:17,1
DA:18,1
DA:19,1
DA:20,1
DA:21,1
DA:22,1
DA:23,1
DA:24,1
DA:25,1
DA:26,1
DA:27,1
DA:28,1
DA:29,1
DA:30,1
DA:31,1
DA:32,1
DA:33,1
DA:34,8
DA:35,1
DA:36,1
DA:37,1
LF:37
LH:37
BRDA:33,0,0,8
BRDA:34,1,0,1
BRF:2
BRH:2
end_of_record
TN:
SF:models\index.js
FNF:0
FNH:0
DA:1,1
DA:2,1
DA:3,1
DA:4,1
DA:5,1
DA:6,1
DA:7,1
DA:8,1
DA:9,1
DA:10,1
DA:11,1
DA:12,1
DA:13,1
DA:14,1
DA:15,1
DA:16,8
DA:17,1
DA:18,1
DA:19,1
DA:20,1
DA:21,1
LF:21
LH:21
BRDA:15,0,0,8
BRDA:16,1,0,1
BRF:2
BRH:2
end_of_record
TN:
SF:models\user.model.js
FN:8,defaultValue
FNF:1
FNH:0
FNDA:0,defaultValue
DA:1,1
DA:2,1
DA:3,1
DA:4,1
DA:5,1
DA:6,1
DA:7,1
DA:8,1
DA:9,1
DA:10,1
DA:11,1
DA:12,1
DA:13,1
DA:14,1
DA:15,1
DA:16,1
DA:17,1
DA:18,1
DA:19,1
DA:20,1
DA:21,1
DA:22,1
DA:23,1
DA:24,1
DA:25,1
DA:26,1
DA:27,1
DA:28,1
DA:29,1
DA:30,1
DA:31,1
DA:32,1
DA:33,1
DA:34,1
DA:35,1
DA:36,1
DA:37,1
DA:38,1
DA:39,1
DA:40,1
DA:41,1
DA:42,8
DA:43,1
DA:44,1
DA:45,1
LF:45
LH:45
BRDA:41,0,0,8
BRDA:42,1,0,1
BRF:2
BRH:2
end_of_record
TN:
SF:repositories\blog.repository.js
FN:5,getAllBlogs
FN:19,createBlog
FN:43,getBlogById
FN:54,getBlogByAuthorId
FN:66,updateBlogById
FN:80,deleteBlogById
FNF:6
FNH:6
FNDA:1,getAllBlogs
FNDA:1,createBlog
FNDA:2,getBlogById
FNDA:2,getBlogByAuthorId
FNDA:1,updateBlogById
FNDA:1,deleteBlogById
DA:1,1
DA:2,1
DA:3,1
DA:4,1
DA:5,1
DA:6,1
DA:7,1
DA:8,1
DA:9,1
DA:10,1
DA:11,1
DA:12,1
DA:13,1
DA:14,1
DA:15,1
DA:16,1
DA:17,1
DA:18,1
DA:19,1
DA:20,1
DA:21,1
DA:22,1
DA:23,1
DA:24,1
DA:25,1
DA:26,1
DA:27,1
DA:28,1
DA:29,1
DA:30,1
DA:31,1
DA:32,1
DA:33,1
DA:34,1
DA:35,1
DA:36,1
DA:37,1
DA:38,1
DA:39,0
DA:40,0
DA:41,1
DA:42,1
DA:43,1
DA:44,2
DA:45,2
DA:46,2
DA:47,2
DA:48,2
DA:49,1
DA:50,1
DA:51,1
DA:52,1
DA:53,1
DA:54,1
DA:55,2
DA:56,2
DA:57,2
DA:58,2
DA:59,2
DA:60,2
DA:61,1
DA:62,1
DA:63,1
DA:64,1
DA:65,1
DA:66,1
DA:67,1
DA:68,1
DA:69,1
DA:70,1
DA:71,1
DA:72,1
DA:73,1
DA:74,1
DA:75,1
DA:76,1
DA:77,1
DA:78,1
DA:79,1
DA:80,1
DA:81,1
DA:82,1
DA:83,1
DA:84,1
DA:85,1
DA:86,1
DA:87,1
DA:88,1
DA:89,1
DA:90,1
DA:91,1
DA:92,1
DA:93,1
DA:94,1
DA:95,1
DA:96,1
DA:97,1
DA:98,1
LF:98
LH:96
BRDA:5,0,0,1
BRDA:19,1,0,1
BRDA:38,2,0,0
BRDA:43,3,0,2
BRDA:48,4,0,1
BRDA:54,5,0,2
BRDA:60,6,0,1
BRDA:66,7,0,1
BRDA:80,8,0,1
BRF:9
BRH:8
end_of_record
TN:
SF:repositories\user.repository.js
FN:5,getAllUsers
FN:19,createUser
FN:35,getUserByUsername
FN:45,updateUserPasswordByUsername
FN:57,deleteUserByUsername
FNF:5
FNH:5
FNDA:1,getAllUsers
FNDA:1,createUser
FNDA:3,getUserByUsername
FNDA:1,updateUserPasswordByUsername
FNDA:1,deleteUserByUsername
DA:1,1
DA:2,1
DA:3,1
DA:4,1
DA:5,1
DA:6,1
DA:7,1
DA:8,1
DA:9,1
DA:10,1
DA:11,1
DA:12,1
DA:13,1
DA:14,1
DA:15,1
DA:16,1
DA:17,1
DA:18,1
DA:19,1
DA:20,1
DA:21,1
DA:22,1
DA:23,1
DA:24,1
DA:25,1
DA:26,1
DA:27,1
DA:28,1
DA:29,1
DA:30,1
DA:31,0
DA:32,0
DA:33,1
DA:34,1
DA:35,1
DA:36,3
DA:37,3
DA:38,3
DA:39,3
DA:40,3
DA:41,2
DA:42,2
DA:43,2
DA:44,1
DA:45,1
DA:46,1
DA:47,1
DA:48,1
DA:49,1
DA:50,1
DA:51,1
DA:52,1
DA:53,1
DA:54,1
DA:55,1
DA:56,1
DA:57,1
DA:58,1
DA:59,1
DA:60,1
DA:61,1
DA:62,1
DA:63,1
DA:64,1
DA:65,1
DA:66,1
DA:67,1
DA:68,1
DA:69,1
DA:70,1
DA:71,1
DA:72,1
DA:73,1
LF:73
LH:71
BRDA:5,0,0,1
BRDA:19,1,0,1
BRDA:30,2,0,0
BRDA:35,3,0,3
BRDA:40,4,0,2
BRDA:45,5,0,1
BRDA:57,6,0,1
BRF:7
BRH:6
end_of_record
TN:
SF:services\auth.service.js
FN:6,registerUser
FN:18,loginUser
FNF:2
FNH:2
FNDA:2,registerUser
FNDA:3,loginUser
DA:1,1
DA:2,1
DA:3,1
DA:4,1
DA:5,1
DA:6,1
DA:7,2
DA:8,2
DA:9,1
DA:10,1
DA:11,1
DA:12,1
DA:13,1
DA:14,1
DA:15,1
DA:16,1
DA:17,1
DA:18,1
DA:19,3
DA:20,2
DA:21,2
DA:22,2
DA:23,2
DA:24,2
DA:25,2
DA:26,2
DA:27,2
DA:28,2
DA:29,3
DA:30,1
DA:31,1
DA:32,1
DA:33,1
DA:34,1
DA:35,1
DA:36,1
DA:37,1
DA:38,1
DA:39,1
DA:40,1
DA:41,1
LF:41
LH:41
BRDA:6,0,0,2
BRDA:8,1,0,1
BRDA:18,2,0,3
BRDA:19,3,0,2
BRDA:29,4,0,1
BRF:5
BRH:5
end_of_record
TN:
SF:services\blog.service.js
FN:9,getAllBlogs
FN:17,createBlog
FN:40,getBlogByAuthorId
FN:51,getBlogById
FN:59,updateBlogById
FN:73,deleteBlogById
FNF:6
FNH:6
FNDA:2,getAllBlogs
FNDA:2,createBlog
FNDA:3,getBlogByAuthorId
FNDA:3,getBlogById
FNDA:2,updateBlogById
FNDA:2,deleteBlogById
DA:1,1
DA:2,1
DA:3,1
DA:4,1
DA:5,1
DA:6,1
DA:7,1
DA:8,1
DA:9,1
DA:10,2
DA:11,2
DA:12,2
DA:13,2
DA:14,2
DA:15,2
DA:16,1
DA:17,1
DA:18,2
DA:19,2
DA:20,2
DA:21,2
DA:22,2
DA:23,1
DA:24,1
DA:25,1
DA:26,1
DA:27,1
DA:28,1
DA:29,1
DA:30,1
DA:31,1
DA:32,1
DA:33,1
DA:34,1
DA:35,1
DA:36,1
DA:37,1
DA:38,1
DA:39,1
DA:40,1
DA:41,3
DA:42,3
DA:43,3
DA:44,3
DA:45,0
DA:46,0
DA:47,1
DA:48,1
DA:49,1
DA:50,1
DA:51,1
DA:52,3
DA:53,3
DA:54,0
DA:55,0
DA:56,1
DA:57,1
DA:58,1
DA:59,1
DA:60,2
DA:61,2
DA:62,2
DA:63,2
DA:64,0
DA:65,2
DA:66,0
DA:67,0
DA:68,2
DA:69,2
DA:70,1
DA:71,1
DA:72,1
DA:73,1
DA:74,2
DA:75,2
DA:76,2
DA:77,1
DA:78,1
DA:79,1
DA:80,1
DA:81,1
DA:82,1
DA:83,1
DA:84,1
DA:85,1
LF:85
LH:78
BRDA:9,0,0,2
BRDA:17,1,0,2
BRDA:22,2,0,1
BRDA:40,3,0,3
BRDA:43,4,0,1
BRDA:44,5,0,0
BRDA:46,6,0,1
BRDA:51,7,0,3
BRDA:52,8,0,1
BRDA:53,9,0,0
BRDA:55,10,0,1
BRDA:59,11,0,2
BRDA:63,12,0,0
BRDA:65,13,0,0
BRDA:69,14,0,1
BRDA:73,15,0,2
BRF:16
BRH:12
end_of_record
TN:
SF:services\user.service.js
FN:10,getAllUsers
FN:27,createUser
FN:53,getUserByUsername
FN:72,getUserLoginInfo
FN:84,updateUserPasswordByUsername
FN:99,deleteUserByUsername
FNF:6
FNH:6
FNDA:2,getAllUsers
FNDA:2,createUser
FNDA:4,getUserByUsername
FNDA:3,getUserLoginInfo
FNDA:1,updateUserPasswordByUsername
FNDA:2,deleteUserByUsername
DA:1,1
DA:2,1
DA:3,1
DA:4,1
DA:5,1
DA:6,1
DA:7,1
DA:8,1
DA:9,1
DA:10,1
DA:11,2
DA:12,2
DA:13,2
DA:14,2
DA:15,2
DA:16,2
DA:17,2
DA:18,1
DA:19,1
DA:20,9
DA:21,9
DA:22,1
DA:23,1
DA:24,1
DA:25,1
DA:26,1
DA:27,1
DA:28,2
DA:29,2
DA:30,2
DA:31,2
DA:32,2
DA:33,2
DA:34,2
DA:35,2
DA:36,2
DA:37,2
DA:38,2
DA:39,2
DA:40,2
DA:41,2
DA:42,2
DA:43,2
DA:44,2
DA:45,1
DA:46,1
DA:47,1
DA:48,1
DA:49,1
DA:50,1
DA:51,1
DA:52,1
DA:53,1
DA:54,4
DA:55,4
DA:56,4
DA:57,4
DA:58,0
DA:59,0
DA:60,4
DA:61,4
DA:62,2
DA:63,4
DA:64,1
DA:65,1
DA:66,1
DA:67,1
DA:68,1
DA:69,1
DA:70,1
DA:71,1
DA:72,1
DA:73,3
DA:74,3
DA:75,3
DA:76,0
DA:77,0
DA:78,0
DA:79,0
DA:80,0
DA:81,0
DA:82,0
DA:83,1
DA:84,1
DA:85,1
DA:86,1
DA:87,1
DA:88,1
DA:89,1
DA:90,1
DA:91,1
DA:92,1
DA:93,1
DA:94,1
DA:95,1
DA:96,1
DA:97,1
DA:98,1
DA:99,1
DA:100,2
DA:101,2
DA:102,2
DA:103,2
DA:104,2
DA:105,2
DA:106,2
DA:107,1
DA:108,1
DA:109,1
DA:110,1
DA:111,1
DA:112,1
DA:113,1
DA:114,1
DA:115,1
LF:115
LH:106
BRDA:10,0,0,2
BRDA:17,1,0,1
BRDA:19,2,0,9
BRDA:27,3,0,2
BRDA:44,4,0,1
BRDA:53,5,0,4
BRDA:57,6,0,0
BRDA:61,7,0,2
BRDA:63,8,0,1
BRDA:72,9,0,3
BRDA:75,10,0,0
BRDA:84,11,0,1
BRDA:99,12,0,2
BRF:13
BRH:11
end_of_record
TN:
SF:tests\databases\auth.database.js
FNF:0
FNH:0
DA:1,1
DA:2,1
DA:3,1
DA:4,1
DA:5,1
DA:6,1
DA:7,1
DA:8,1
DA:9,1
DA:10,1
DA:11,1
DA:12,1
DA:13,1
DA:14,1
DA:15,1
LF:15
LH:15
BRF:0
BRH:0
end_of_record
TN:
SF:tests\databases\blog.database.js
FNF:0
FNH:0
DA:1,1
DA:2,1
DA:3,1
DA:4,1
DA:5,1
DA:6,1
DA:7,1
DA:8,1
DA:9,1
DA:10,1
DA:11,1
DA:12,1
DA:13,1
DA:14,1
DA:15,1
DA:16,1
DA:17,1
DA:18,1
DA:19,1
DA:20,1
DA:21,1
DA:22,1
DA:23,1
DA:24,1
DA:25,1
DA:26,1
DA:27,1
DA:28,1
DA:29,1
DA:30,1
DA:31,1
DA:32,1
DA:33,1
DA:34,1
DA:35,1
DA:36,1
DA:37,1
DA:38,1
DA:39,1
DA:40,1
DA:41,1
DA:42,1
DA:43,1
DA:44,1
DA:45,1
DA:46,1
DA:47,1
DA:48,1
DA:49,1
DA:50,1
DA:51,1
DA:52,1
DA:53,1
DA:54,1
DA:55,1
DA:56,1
DA:57,1
DA:58,1
DA:59,1
DA:60,1
DA:61,1
DA:62,1
DA:63,1
DA:64,1
DA:65,1
DA:66,1
DA:67,1
DA:68,1
DA:69,1
DA:70,1
DA:71,1
DA:72,1
DA:73,1
DA:74,1
DA:75,1
DA:76,1
DA:77,1
DA:78,1
DA:79,1
DA:80,1
DA:81,1
DA:82,1
DA:83,1
DA:84,1
DA:85,1
DA:86,1
DA:87,1
DA:88,1
DA:89,1
DA:90,1
DA:91,1
DA:92,1
DA:93,1
DA:94,1
DA:95,1
DA:96,1
DA:97,1
DA:98,1
DA:99,1
DA:100,1
DA:101,1
DA:102,1
DA:103,1
DA:104,1
DA:105,1
DA:106,1
DA:107,1
DA:108,1
DA:109,1
DA:110,1
DA:111,1
DA:112,1
DA:113,1
DA:114,1
DA:115,1
DA:116,1
DA:117,1
DA:118,1
DA:119,1
DA:120,1
DA:121,1
DA:122,1
DA:123,1
DA:124,1
DA:125,1
DA:126,1
DA:127,1
DA:128,1
DA:129,1
DA:130,1
DA:131,1
DA:132,1
DA:133,1
DA:134,1
DA:135,1
DA:136,1
DA:137,1
DA:138,1
DA:139,1
DA:140,1
DA:141,1
DA:142,1
DA:143,1
DA:144,1
DA:145,1
DA:146,1
DA:147,1
DA:148,1
DA:149,1
LF:149
LH:149
BRF:0
BRH:0
end_of_record
TN:
SF:tests\databases\user.database.js
FNF:0
FNH:0
DA:1,1
DA:2,1
DA:3,1
DA:4,1
DA:5,1
DA:6,1
DA:7,1
DA:8,1
DA:9,1
DA:10,1
DA:11,1
DA:12,1
DA:13,1
DA:14,1
DA:15,1
DA:16,1
DA:17,1
DA:18,1
DA:19,1
DA:20,1
DA:21,1
DA:22,1
DA:23,1
DA:24,1
DA:25,1
DA:26,1
DA:27,1
DA:28,1
DA:29,1
DA:30,1
DA:31,1
DA:32,1
DA:33,1
DA:34,1
DA:35,1
DA:36,1
DA:37,1
DA:38,1
DA:39,1
DA:40,1
DA:41,1
DA:42,1
DA:43,1
DA:44,1
DA:45,1
DA:46,1
DA:47,1
DA:48,1
DA:49,1
DA:50,1
DA:51,1
DA:52,1
DA:53,1
DA:54,1
DA:55,1
DA:56,1
DA:57,1
DA:58,1
DA:59,1
DA:60,1
DA:61,1
DA:62,1
DA:63,1
DA:64,1
DA:65,1
DA:66,1
DA:67,1
DA:68,1
DA:69,1
DA:70,1
DA:71,1
DA:72,1
DA:73,1
DA:74,1
DA:75,1
DA:76,1
DA:77,1
DA:78,1
DA:79,1
DA:80,1
DA:81,1
DA:82,1
DA:83,1
DA:84,1
DA:85,1
LF:85
LH:85
BRF:0
BRH:0
end_of_record
TN:
SF:utils\auth.util.js
FN:3,generateJwtToken
FN:14,comparePassword
FNF:2
FNH:0
FNDA:0,generateJwtToken
FNDA:0,comparePassword
DA:1,1
DA:2,1
DA:3,1
DA:4,0
DA:5,0
DA:6,0
DA:7,0
DA:8,0
DA:9,0
DA:10,0
DA:11,0
DA:12,1
DA:13,1
DA:14,1
DA:15,0
DA:16,0
DA:17,1
DA:18,1
DA:19,1
DA:20,1
LF:20
LH:10
BRF:0
BRH:0
end_of_record
TN:
SF:utils\blog.validation.util.js
FN:2,checkEmptyBody
FN:6,checkValidBlogBody
FN:26,checkEmptyTitleAndDescription
FNF:3
FNH:3
FNDA:4,checkEmptyBody
FNDA:2,checkValidBlogBody
FNDA:2,checkEmptyTitleAndDescription
DA:1,1
DA:2,1
DA:3,4
DA:4,4
DA:5,1
DA:6,1
DA:7,2
DA:8,2
DA:9,1
DA:10,1
DA:11,1
DA:12,1
DA:13,1
DA:14,1
DA:15,2
DA:16,0
DA:17,0
DA:18,1
DA:19,2
DA:20,0
DA:21,0
DA:22,1
DA:23,1
DA:24,1
DA:25,1
DA:26,1
DA:27,2
DA:28,2
DA:29,1
DA:30,1
DA:31,1
DA:32,1
DA:33,1
DA:34,1
DA:35,2
DA:36,0
DA:37,0
DA:38,0
DA:39,0
DA:40,0
DA:41,1
DA:42,1
DA:43,1
DA:44,1
DA:45,1
DA:46,1
DA:47,1
LF:47
LH:38
BRDA:2,0,0,4
BRDA:3,1,0,2
BRDA:3,2,0,2
BRDA:6,3,0,2
BRDA:8,4,0,1
BRDA:15,5,0,0
BRDA:17,6,0,1
BRDA:19,7,0,0
BRDA:21,8,0,1
BRDA:26,9,0,2
BRDA:28,10,0,1
BRDA:35,11,0,0
BRDA:35,12,0,0
BRDA:40,13,0,1
BRF:14
BRH:10
end_of_record
TN:
SF:utils\common.util.js
FN:4,generateUUID
FN:8,formatUnixTimestamp
FNF:2
FNH:2
FNDA:4,generateUUID
FNDA:9,formatUnixTimestamp
DA:1,1
DA:2,1
DA:3,1
DA:4,1
DA:5,4
DA:6,4
DA:7,1
DA:8,1
DA:9,9
DA:10,9
DA:11,9
DA:12,9
DA:13,9
DA:14,9
DA:15,9
DA:16,9
DA:17,9
DA:18,9
DA:19,1
DA:20,1
DA:21,1
DA:22,1
DA:23,1
LF:23
LH:23
BRDA:4,0,0,4
BRDA:8,1,0,9
BRF:2
BRH:2
end_of_record
TN:
SF:utils\content-negotiation.util.js
FN:5,sendResponseToClient
FN:10,convertToJsonResponse
FN:14,convertToHtmlResponse
FN:18,convertToXmlResponse
FN:22,convertToTextResponse
FN:26,sendResponseInContentNegotiation
FNF:6
FNH:0
FNDA:0,sendResponseToClient
FNDA:0,convertToJsonResponse
FNDA:0,convertToHtmlResponse
FNDA:0,convertToXmlResponse
FNDA:0,convertToTextResponse
FNDA:0,sendResponseInContentNegotiation
DA:1,1
DA:2,1
DA:3,1
DA:4,1
DA:5,1
DA:6,0
DA:7,0
DA:8,1
DA:9,1
DA:10,1
DA:11,0
DA:12,0
DA:13,1
DA:14,1
DA:15,0
DA:16,0
DA:17,1
DA:18,1
DA:19,0
DA:20,0
DA:21,1
DA:22,1
DA:23,0
DA:24,0
DA:25,1
DA:26,1
DA:27,0
DA:28,0
DA:29,0
DA:30,0
DA:31,0
DA:32,0
DA:33,0
DA:34,0
DA:35,0
DA:36,0
DA:37,0
DA:38,0
DA:39,0
DA:40,0
DA:41,0
DA:42,0
DA:43,1
DA:44,1
DA:45,1
LF:45
LH:19
BRF:0
BRH:0
end_of_record
TN:
SF:utils\error.handler.util.js
FN:3,AppError
FN:10,SequelizeValidationError
FNF:2
FNH:1
FNDA:24,AppError
FNDA:0,SequelizeValidationError
DA:1,1
DA:2,1
DA:3,1
DA:4,24
DA:5,24
DA:6,24
DA:7,1
DA:8,1
DA:9,1
DA:10,1
DA:11,0
DA:12,0
DA:13,0
DA:14,0
DA:15,0
DA:16,0
DA:17,0
DA:18,0
DA:19,1
DA:20,1
DA:21,1
LF:21
LH:13
BRDA:3,0,0,24
BRF:1
BRH:1
end_of_record
TN:
SF:utils\pagination.util.js
FN:3,getPageOffset
FN:7,getPageLimit
FN:11,getPageNumber
FN:15,getPageSize
FNF:4
FNH:4
FNDA:4,getPageOffset
FNDA:4,getPageLimit
FNDA:4,getPageNumber
FNDA:4,getPageSize
DA:1,1
DA:2,1
DA:3,1
DA:4,4
DA:5,4
DA:6,1
DA:7,1
DA:8,4
DA:9,4
DA:10,1
DA:11,1
DA:12,4
DA:13,4
DA:14,1
DA:15,1
DA:16,4
DA:17,4
DA:18,1
DA:19,1
DA:20,1
DA:21,1
DA:22,1
LF:22
LH:22
BRDA:3,0,0,4
BRDA:7,1,0,4
BRDA:11,2,0,4
BRDA:12,3,0,0
BRDA:15,4,0,4
BRDA:16,5,0,0
BRF:6
BRH:4
end_of_record
TN:
SF:utils\user.validation.util.js
FN:3,checkEmptyBody
FN:7,isAlphaNumeric
FN:12,validateEmail
FN:17,checkPasswordLength
FN:21,generateHashPassword
FN:31,checkValidUsername
FN:45,checkValidPassword
FN:57,checkValidPasswordBody
FN:72,checkValidRegistration
FN:100,checkValidLogin
FNF:10
FNH:9
FNDA:4,checkEmptyBody
FNDA:5,isAlphaNumeric
FNDA:1,validateEmail
FNDA:2,checkPasswordLength
FNDA:3,generateHashPassword
FNDA:5,checkValidUsername
FNDA:2,checkValidPassword
FNDA:2,checkValidPasswordBody
FNDA:2,checkValidRegistration
FNDA:0,checkValidLogin
DA:1,1
DA:2,1
DA:3,1
DA:4,4
DA:5,4
DA:6,1
DA:7,1
DA:8,5
DA:9,5
DA:10,5
DA:11,1
DA:12,1
DA:13,1
DA:14,1
DA:15,1
DA:16,1
DA:17,1
DA:18,2
DA:19,2
DA:20,1
DA:21,1
DA:22,3
DA:23,3
DA:24,3
DA:25,3
DA:26,3
DA:27,0
DA:28,0
DA:29,3
DA:30,1
DA:31,1
DA:32,5
DA:33,5
DA:34,0
DA:35,0
DA:36,5
DA:37,5
DA:38,0
DA:39,0
DA:40,5
DA:41,5
DA:42,5
DA:43,1
DA:44,1
DA:45,1
DA:46,2
DA:47,0
DA:48,0
DA:49,2
DA:50,2
DA:51,0
DA:52,0
DA:53,2
DA:54,2
DA:55,2
DA:56,1
DA:57,1
DA:58,2
DA:59,1
DA:60,1
DA:61,1
DA:62,1
DA:63,2
DA:64,0
DA:65,0
DA:66,1
DA:67,1
DA:68,1
DA:69,1
DA:70,1
DA:71,1
DA:72,1
DA:73,2
DA:74,1
DA:75,1
DA:76,1
DA:77,1
DA:78,1
DA:79,1
DA:80,2
DA:81,0
DA:82,0
DA:83,1
DA:84,2
DA:85,0
DA:86,0
DA:87,1
DA:88,2
DA:89,0
DA:90,0
DA:91,1
DA:92,2
DA:93,0
DA:94,0
DA:95,1
DA:96,1
DA:97,1
DA:98,1
DA:99,1
DA:100,1
DA:101,0
DA:102,0
DA:103,0
DA:104,0
DA:105,0
DA:106,0
DA:107,0
DA:108,0
DA:109,0
DA:110,0
DA:111,0
DA:112,0
DA:113,0
DA:114,0
DA:115,0
DA:116,0
DA:117,1
DA:118,1
DA:119,1
DA:120,1
DA:121,1
DA:122,1
DA:123,1
DA:124,1
DA:125,1
DA:126,1
DA:127,1
DA:128,1
DA:129,1
DA:130,1
LF:130
LH:94
BRDA:3,0,0,4
BRDA:4,1,0,2
BRDA:4,2,0,2
BRDA:7,3,0,5
BRDA:12,4,0,1
BRDA:17,5,0,2
BRDA:21,6,0,3
BRDA:26,7,0,0
BRDA:31,8,0,5
BRDA:33,9,0,0
BRDA:37,10,0,0
BRDA:45,11,0,2
BRDA:46,12,0,0
BRDA:50,13,0,0
BRDA:57,14,0,2
BRDA:58,15,0,1
BRDA:63,16,0,0
BRDA:65,17,0,1
BRDA:72,18,0,2
BRDA:73,19,0,1
BRDA:80,20,0,0
BRDA:82,21,0,1
BRDA:84,22,0,0
BRDA:86,23,0,1
BRDA:88,24,0,0
BRDA:90,25,0,1
BRDA:92,26,0,0
BRDA:94,27,0,1
BRF:28
BRH:18
end_of_record
